07-Dec-2020 11:45:01.600 INFO [main] org.apache.catalina.startup.VersionLoggerListener.log Server version name:   Apache Tomcat/9.0.36
07-Dec-2020 11:45:01.608 INFO [main] org.apache.catalina.startup.VersionLoggerListener.log Server built:          Jun 3 2020 17:07:09 UTC
07-Dec-2020 11:45:01.609 INFO [main] org.apache.catalina.startup.VersionLoggerListener.log Server version number: 9.0.36.0
07-Dec-2020 11:45:01.610 INFO [main] org.apache.catalina.startup.VersionLoggerListener.log OS Name:               Linux
07-Dec-2020 11:45:01.610 INFO [main] org.apache.catalina.startup.VersionLoggerListener.log OS Version:            4.19.76-linuxkit
07-Dec-2020 11:45:01.611 INFO [main] org.apache.catalina.startup.VersionLoggerListener.log Architecture:          amd64
07-Dec-2020 11:45:01.612 INFO [main] org.apache.catalina.startup.VersionLoggerListener.log Java Home:             /usr/lib/jvm/java-11-openjdk
07-Dec-2020 11:45:01.614 INFO [main] org.apache.catalina.startup.VersionLoggerListener.log JVM Version:           11.0.4+4-alpine-r1
07-Dec-2020 11:45:01.615 INFO [main] org.apache.catalina.startup.VersionLoggerListener.log JVM Vendor:            Alpine
07-Dec-2020 11:45:01.616 INFO [main] org.apache.catalina.startup.VersionLoggerListener.log CATALINA_BASE:         /camunda
07-Dec-2020 11:45:01.617 INFO [main] org.apache.catalina.startup.VersionLoggerListener.log CATALINA_HOME:         /camunda
07-Dec-2020 11:45:01.647 INFO [main] org.apache.catalina.startup.VersionLoggerListener.log Command line argument: --add-opens=java.base/java.lang=ALL-UNNAMED
07-Dec-2020 11:45:01.647 INFO [main] org.apache.catalina.startup.VersionLoggerListener.log Command line argument: --add-opens=java.base/java.io=ALL-UNNAMED
07-Dec-2020 11:45:01.648 INFO [main] org.apache.catalina.startup.VersionLoggerListener.log Command line argument: --add-opens=java.rmi/sun.rmi.transport=ALL-UNNAMED
07-Dec-2020 11:45:01.648 INFO [main] org.apache.catalina.startup.VersionLoggerListener.log Command line argument: --add-opens=java.base/java.lang=ALL-UNNAMED
07-Dec-2020 11:45:01.649 INFO [main] org.apache.catalina.startup.VersionLoggerListener.log Command line argument: --add-opens=java.base/java.io=ALL-UNNAMED
07-Dec-2020 11:45:01.649 INFO [main] org.apache.catalina.startup.VersionLoggerListener.log Command line argument: --add-opens=java.rmi/sun.rmi.transport=ALL-UNNAMED
07-Dec-2020 11:45:01.650 INFO [main] org.apache.catalina.startup.VersionLoggerListener.log Command line argument: -Djava.util.logging.config.file=/camunda/conf/logging.properties
07-Dec-2020 11:45:01.651 INFO [main] org.apache.catalina.startup.VersionLoggerListener.log Command line argument: -Djava.util.logging.manager=org.apache.juli.ClassLoaderLogManager
07-Dec-2020 11:45:01.651 INFO [main] org.apache.catalina.startup.VersionLoggerListener.log Command line argument: -Xmx768m
07-Dec-2020 11:45:01.652 INFO [main] org.apache.catalina.startup.VersionLoggerListener.log Command line argument: -XX:MaxMetaspaceSize=256m
07-Dec-2020 11:45:01.652 INFO [main] org.apache.catalina.startup.VersionLoggerListener.log Command line argument: -Djdk.tls.ephemeralDHKeySize=2048
07-Dec-2020 11:45:01.653 INFO [main] org.apache.catalina.startup.VersionLoggerListener.log Command line argument: -Djava.protocol.handler.pkgs=org.apache.catalina.webresources
07-Dec-2020 11:45:01.653 INFO [main] org.apache.catalina.startup.VersionLoggerListener.log Command line argument: -Dorg.apache.catalina.security.SecurityListener.UMASK=0027
07-Dec-2020 11:45:01.654 INFO [main] org.apache.catalina.startup.VersionLoggerListener.log Command line argument: -Dignore.endorsed.dirs=
07-Dec-2020 11:45:01.655 INFO [main] org.apache.catalina.startup.VersionLoggerListener.log Command line argument: -Dcatalina.base=/camunda
07-Dec-2020 11:45:01.657 INFO [main] org.apache.catalina.startup.VersionLoggerListener.log Command line argument: -Dcatalina.home=/camunda
07-Dec-2020 11:45:01.662 INFO [main] org.apache.catalina.startup.VersionLoggerListener.log Command line argument: -Djava.io.tmpdir=/camunda/temp
07-Dec-2020 11:45:01.662 INFO [main] org.apache.catalina.core.AprLifecycleListener.lifecycleEvent The Apache Tomcat Native library which allows using OpenSSL was not found on the java.library.path: [/usr/lib/jvm/java-11-openjdk/lib/server:/usr/lib/jvm/java-11-openjdk/lib:/usr/lib/jvm/java-11-openjdk/../lib:/usr/java/packages/lib:/usr/lib64:/lib64:/lib:/usr/lib]
07-Dec-2020 11:45:02.615 INFO [main] org.apache.coyote.AbstractProtocol.init Initializing ProtocolHandler ["http-nio-8080"]
07-Dec-2020 11:45:02.727 INFO [main] org.apache.catalina.startup.Catalina.load Server initialization in [1,761] milliseconds
07-Dec-2020 11:45:03.295 INFO [main] org.camunda.commons.logging.BaseLogger.logInfo ENGINE-08046 Found camunda bpm platform configuration in CATALINA_BASE/CATALINA_HOME conf directory [/camunda/conf/bpm-platform.xml] at 'file:/camunda/conf/bpm-platform.xml'
07-Dec-2020 11:45:03.639 INFO [main] org.camunda.commons.logging.BaseLogger.logInfo ENGINE-12003 Plugin 'ProcessApplicationEventListenerPlugin' activated on process engine 'default'
07-Dec-2020 11:45:03.654 INFO [main] org.camunda.commons.logging.BaseLogger.logInfo ENGINE-12003 Plugin 'SpinProcessEnginePlugin' activated on process engine 'default'
07-Dec-2020 11:45:03.664 INFO [main] org.camunda.commons.logging.BaseLogger.logInfo SPIN-01010 Discovered Spin data format provider: org.camunda.spin.impl.json.jackson.format.JacksonJsonDataFormatProvider[name = application/json]
07-Dec-2020 11:45:03.983 INFO [main] org.camunda.commons.logging.BaseLogger.logInfo SPIN-01010 Discovered Spin data format provider: org.camunda.spin.impl.xml.dom.format.DomXmlDataFormatProvider[name = application/xml]
07-Dec-2020 11:45:04.012 INFO [main] org.camunda.commons.logging.BaseLogger.logInfo SPIN-01009 Discovered Spin data format: org.camunda.spin.impl.xml.dom.format.DomXmlDataFormat[name = application/xml]
07-Dec-2020 11:45:04.013 INFO [main] org.camunda.commons.logging.BaseLogger.logInfo SPIN-01009 Discovered Spin data format: org.camunda.spin.impl.json.jackson.format.JacksonJsonDataFormat[name = application/json]
07-Dec-2020 11:45:04.013 INFO [main] org.camunda.commons.logging.BaseLogger.logInfo ENGINE-12003 Plugin 'ConnectProcessEnginePlugin' activated on process engine 'default'
07-Dec-2020 11:45:04.810 INFO [main] org.camunda.commons.logging.BaseLogger.logInfo CNCT-01004 Discovered provider for connector id 'http-connector' and class 'org.camunda.connect.httpclient.impl.HttpConnectorImpl': 'org.camunda.connect.httpclient.impl.HttpConnectorProviderImpl'
07-Dec-2020 11:45:04.814 INFO [main] org.camunda.commons.logging.BaseLogger.logInfo CNCT-01004 Discovered provider for connector id 'soap-http-connector' and class 'org.camunda.connect.httpclient.soap.impl.SoapHttpConnectorImpl': 'org.camunda.connect.httpclient.soap.impl.SoapHttpConnectorProviderImpl'
07-Dec-2020 11:45:05.090 INFO [main] org.camunda.commons.logging.BaseLogger.logInfo FEEL/SCALA-01001 Spin value mapper detected
07-Dec-2020 11:45:05.404 INFO [main] org.camunda.feel.FeelEngine.<init> Engine created. [value-mapper: CompositeValueMapper(List(org.camunda.feel.impl.JavaValueMapper@78d6447a, org.camunda.spin.plugin.impl.feel.integration.SpinValueMapper@7a729f84)), function-provider: org.camunda.bpm.dmn.feel.impl.scala.function.CustomFunctionTransformer@a66e580, clock: SystemClock, configuration: Configuration(false)]
07-Dec-2020 11:45:11.942 INFO [main] org.camunda.commons.logging.BaseLogger.logInfo ENGINE-03016 Performing database operation 'create' on component 'engine' with resource 'org/camunda/bpm/engine/db/create/activiti.h2.create.engine.sql'
07-Dec-2020 11:45:12.113 INFO [main] org.camunda.commons.logging.BaseLogger.logInfo ENGINE-03016 Performing database operation 'create' on component 'history' with resource 'org/camunda/bpm/engine/db/create/activiti.h2.create.history.sql'
07-Dec-2020 11:45:12.170 INFO [main] org.camunda.commons.logging.BaseLogger.logInfo ENGINE-03016 Performing database operation 'create' on component 'identity' with resource 'org/camunda/bpm/engine/db/create/activiti.h2.create.identity.sql'
07-Dec-2020 11:45:12.271 INFO [main] org.camunda.commons.logging.BaseLogger.logInfo ENGINE-03016 Performing database operation 'create' on component 'case.engine' with resource 'org/camunda/bpm/engine/db/create/activiti.h2.create.case.engine.sql'
07-Dec-2020 11:45:12.303 INFO [main] org.camunda.commons.logging.BaseLogger.logInfo ENGINE-03016 Performing database operation 'create' on component 'case.history' with resource 'org/camunda/bpm/engine/db/create/activiti.h2.create.case.history.sql'
07-Dec-2020 11:45:12.348 INFO [main] org.camunda.commons.logging.BaseLogger.logInfo ENGINE-03016 Performing database operation 'create' on component 'decision.engine' with resource 'org/camunda/bpm/engine/db/create/activiti.h2.create.decision.engine.sql'
07-Dec-2020 11:45:12.381 INFO [main] org.camunda.commons.logging.BaseLogger.logInfo ENGINE-03016 Performing database operation 'create' on component 'decision.history' with resource 'org/camunda/bpm/engine/db/create/activiti.h2.create.decision.history.sql'
07-Dec-2020 11:45:12.462 INFO [main] org.camunda.commons.logging.BaseLogger.logInfo ENGINE-03067 No history level property found in database
07-Dec-2020 11:45:12.464 INFO [main] org.camunda.commons.logging.BaseLogger.logInfo ENGINE-03065 Creating historyLevel property in database for level: HistoryLevelFull(name=full, id=3)
07-Dec-2020 11:45:12.729 INFO [main] org.camunda.commons.logging.BaseLogger.logInfo ENGINE-00001 Process Engine default created.
07-Dec-2020 11:45:12.735 INFO [main] org.camunda.commons.logging.BaseLogger.logInfo ENGINE-14014 Starting up the JobExecutor[org.camunda.bpm.engine.impl.jobexecutor.RuntimeContainerJobExecutor].
07-Dec-2020 11:45:12.738 INFO [Thread-5] org.camunda.commons.logging.BaseLogger.logInfo ENGINE-14018 JobExecutor[org.camunda.bpm.engine.impl.jobexecutor.RuntimeContainerJobExecutor] starting to acquire jobs
07-Dec-2020 11:45:12.740 INFO [main] org.camunda.commons.logging.BaseLogger.logInfo ENGINE-08048 Camunda BPM platform sucessfully started at 'Apache Tomcat/9.0.36'.
07-Dec-2020 11:45:12.793 INFO [main] org.apache.catalina.core.StandardService.startInternal Starting service [Catalina]
07-Dec-2020 11:45:12.801 INFO [main] org.apache.catalina.core.StandardEngine.startInternal Starting Servlet engine: [Apache Tomcat/9.0.36]
07-Dec-2020 11:45:12.819 INFO [main] org.apache.catalina.startup.HostConfig.deployDirectory Deploying web application directory [/camunda/webapps/camunda-welcome]
07-Dec-2020 11:45:16.434 INFO [main] org.apache.jasper.servlet.TldScanner.scanJars At least one JAR was scanned for TLDs yet contained no TLDs. Enable debug logging for this logger for a complete list of JARs that were scanned but no TLDs were found in them. Skipping unneeded JARs during scanning can improve startup time and JSP compilation time.
07-Dec-2020 11:45:16.556 INFO [main] org.apache.catalina.startup.HostConfig.deployDirectory Deployment of web application directory [/camunda/webapps/camunda-welcome] has finished in [3,736] ms
07-Dec-2020 11:45:16.557 INFO [main] org.apache.catalina.startup.HostConfig.deployDirectory Deploying web application directory [/camunda/webapps/examples]
07-Dec-2020 11:45:18.658 INFO [main] org.apache.jasper.servlet.TldScanner.scanJars At least one JAR was scanned for TLDs yet contained no TLDs. Enable debug logging for this logger for a complete list of JARs that were scanned but no TLDs were found in them. Skipping unneeded JARs during scanning can improve startup time and JSP compilation time.
07-Dec-2020 11:45:18.710 INFO [main] org.apache.catalina.startup.HostConfig.deployDirectory Deployment of web application directory [/camunda/webapps/examples] has finished in [2,153] ms
07-Dec-2020 11:45:18.711 INFO [main] org.apache.catalina.startup.HostConfig.deployDirectory Deploying web application directory [/camunda/webapps/h2]
07-Dec-2020 11:45:20.807 INFO [main] org.apache.jasper.servlet.TldScanner.scanJars At least one JAR was scanned for TLDs yet contained no TLDs. Enable debug logging for this logger for a complete list of JARs that were scanned but no TLDs were found in them. Skipping unneeded JARs during scanning can improve startup time and JSP compilation time.
07-Dec-2020 11:45:20.815 INFO [main] org.apache.catalina.startup.HostConfig.deployDirectory Deployment of web application directory [/camunda/webapps/h2] has finished in [2,103] ms
07-Dec-2020 11:45:20.815 INFO [main] org.apache.catalina.startup.HostConfig.deployDirectory Deploying web application directory [/camunda/webapps/docs]
07-Dec-2020 11:45:23.882 INFO [main] org.apache.jasper.servlet.TldScanner.scanJars At least one JAR was scanned for TLDs yet contained no TLDs. Enable debug logging for this logger for a complete list of JARs that were scanned but no TLDs were found in them. Skipping unneeded JARs during scanning can improve startup time and JSP compilation time.
07-Dec-2020 11:45:23.886 INFO [main] org.apache.catalina.startup.HostConfig.deployDirectory Deployment of web application directory [/camunda/webapps/docs] has finished in [3,071] ms
07-Dec-2020 11:45:23.887 INFO [main] org.apache.catalina.startup.HostConfig.deployDirectory Deploying web application directory [/camunda/webapps/camunda-invoice]
07-Dec-2020 11:45:27.001 INFO [main] org.apache.jasper.servlet.TldScanner.scanJars At least one JAR was scanned for TLDs yet contained no TLDs. Enable debug logging for this logger for a complete list of JARs that were scanned but no TLDs were found in them. Skipping unneeded JARs during scanning can improve startup time and JSP compilation time.
07-Dec-2020 11:45:27.001 INFO [main] org.camunda.commons.logging.BaseLogger.logInfo ENGINE-07015 Detected @ProcessApplication class 'org.camunda.bpm.example.invoice.InvoiceProcessApplication'
07-Dec-2020 11:45:27.020 INFO [main] org.camunda.commons.logging.BaseLogger.logInfo ENGINE-08024 Found processes.xml file at file:/camunda/webapps/camunda-invoice/WEB-INF/classes/META-INF/processes.xml
07-Dec-2020 11:45:28.601 INFO [main] org.camunda.commons.logging.BaseLogger.logInfo ENGINE-07021 ProcessApplication 'camunda-invoice' registered for DB deployments [b30d1e0a-3881-11eb-8831-0242ac170002]. Will execute process definitions 

        invoice[version: 1, id: invoice:1:b365ec6e-3881-11eb-8831-0242ac170002]
        ReviewInvoice[version: 1, id: ReviewInvoice:1:b36724f0-3881-11eb-8831-0242ac170002]
Deployment does not provide any case definitions.
07-Dec-2020 11:45:28.630 INFO [main] org.camunda.commons.logging.BaseLogger.logInfo ENGINE-08023 Deployment summary for process archive 'camunda-invoice': 

        invoiceBusinessDecisions.dmn
        invoice.v2.bpmn

07-Dec-2020 11:45:28.878 INFO [main] org.camunda.commons.logging.BaseLogger.logInfo ENGINE-07021 ProcessApplication 'camunda-invoice' registered for DB deployments [b4038c08-3881-11eb-8831-0242ac170002, b30d1e0a-3881-11eb-8831-0242ac170002]. Will execute process definitions 

        invoice[version: 2, id: invoice:2:b41147ab-3881-11eb-8831-0242ac170002]
        ReviewInvoice[version: 1, id: ReviewInvoice:1:b36724f0-3881-11eb-8831-0242ac170002]
        invoice[version: 1, id: invoice:1:b365ec6e-3881-11eb-8831-0242ac170002]
Deployment does not provide any case definitions.
07-Dec-2020 11:45:28.934 INFO [main] org.camunda.commons.logging.BaseLogger.logInfo SPIN-01010 Discovered Spin data format provider: org.camunda.spin.impl.json.jackson.format.JacksonJsonDataFormatProvider[name = application/json]
07-Dec-2020 11:45:28.938 INFO [main] org.camunda.commons.logging.BaseLogger.logInfo SPIN-01010 Discovered Spin data format provider: org.camunda.spin.impl.xml.dom.format.DomXmlDataFormatProvider[name = application/xml]
07-Dec-2020 11:45:28.948 INFO [main] org.camunda.commons.logging.BaseLogger.logInfo SPIN-01009 Discovered Spin data format: org.camunda.spin.impl.xml.dom.format.DomXmlDataFormat[name = application/xml]
07-Dec-2020 11:45:28.949 INFO [main] org.camunda.commons.logging.BaseLogger.logInfo SPIN-01009 Discovered Spin data format: org.camunda.spin.impl.json.jackson.format.JacksonJsonDataFormat[name = application/json]
07-Dec-2020 11:45:29.010 INFO [main] org.camunda.bpm.example.invoice.DemoDataGenerator.createUsers Generating demo data for invoice showcase
07-Dec-2020 11:45:29.734 INFO [main] org.camunda.bpm.example.invoice.InvoiceProcessApplication.startProcessInstances Start 3 instances of Invoice Receipt, version 1
07-Dec-2020 11:45:33.137 INFO [main] org.camunda.bpm.example.invoice.service.NotifyCreditorService.execute 

  ... Now notifying creditor Bobby's Office Supplies


07-Dec-2020 11:45:33.724 INFO [main] org.camunda.bpm.example.invoice.InvoiceProcessApplication.startProcessInstances Start 3 instances of Invoice Receipt, version 2
07-Dec-2020 11:45:34.464 INFO [main] org.camunda.commons.logging.BaseLogger.logInfo ENGINE-08050 Process application camunda-invoice successfully deployed
07-Dec-2020 11:45:34.467 INFO [main] org.apache.catalina.startup.HostConfig.deployDirectory Deployment of web application directory [/camunda/webapps/camunda-invoice] has finished in [10,580] ms
07-Dec-2020 11:45:34.467 INFO [main] org.apache.catalina.startup.HostConfig.deployDirectory Deploying web application directory [/camunda/webapps/ROOT]
07-Dec-2020 11:45:36.747 INFO [main] org.apache.jasper.servlet.TldScanner.scanJars At least one JAR was scanned for TLDs yet contained no TLDs. Enable debug logging for this logger for a complete list of JARs that were scanned but no TLDs were found in them. Skipping unneeded JARs during scanning can improve startup time and JSP compilation time.
07-Dec-2020 11:45:36.749 INFO [main] org.apache.catalina.startup.HostConfig.deployDirectory Deployment of web application directory [/camunda/webapps/ROOT] has finished in [2,282] ms
07-Dec-2020 11:45:36.750 INFO [main] org.apache.catalina.startup.HostConfig.deployDirectory Deploying web application directory [/camunda/webapps/host-manager]
07-Dec-2020 11:45:38.358 INFO [main] org.apache.jasper.servlet.TldScanner.scanJars At least one JAR was scanned for TLDs yet contained no TLDs. Enable debug logging for this logger for a complete list of JARs that were scanned but no TLDs were found in them. Skipping unneeded JARs during scanning can improve startup time and JSP compilation time.
07-Dec-2020 11:45:38.363 INFO [main] org.apache.catalina.startup.HostConfig.deployDirectory Deployment of web application directory [/camunda/webapps/host-manager] has finished in [1,614] ms
07-Dec-2020 11:45:38.363 INFO [main] org.apache.catalina.startup.HostConfig.deployDirectory Deploying web application directory [/camunda/webapps/manager]
07-Dec-2020 11:45:40.031 INFO [main] org.apache.jasper.servlet.TldScanner.scanJars At least one JAR was scanned for TLDs yet contained no TLDs. Enable debug logging for this logger for a complete list of JARs that were scanned but no TLDs were found in them. Skipping unneeded JARs during scanning can improve startup time and JSP compilation time.
07-Dec-2020 11:45:40.034 INFO [main] org.apache.catalina.startup.HostConfig.deployDirectory Deployment of web application directory [/camunda/webapps/manager] has finished in [1,671] ms
07-Dec-2020 11:45:40.035 INFO [main] org.apache.catalina.startup.HostConfig.deployDirectory Deploying web application directory [/camunda/webapps/camunda]
07-Dec-2020 11:45:42.152 INFO [main] org.apache.jasper.servlet.TldScanner.scanJars At least one JAR was scanned for TLDs yet contained no TLDs. Enable debug logging for this logger for a complete list of JARs that were scanned but no TLDs were found in them. Skipping unneeded JARs during scanning can improve startup time and JSP compilation time.
07-Dec-2020 11:45:42.587 INFO [main] org.apache.catalina.startup.HostConfig.deployDirectory Deployment of web application directory [/camunda/webapps/camunda] has finished in [2,552] ms
07-Dec-2020 11:45:42.587 INFO [main] org.apache.catalina.startup.HostConfig.deployDirectory Deploying web application directory [/camunda/webapps/engine-rest]
07-Dec-2020 11:45:44.380 INFO [main] org.apache.jasper.servlet.TldScanner.scanJars At least one JAR was scanned for TLDs yet contained no TLDs. Enable debug logging for this logger for a complete list of JARs that were scanned but no TLDs were found in them. Skipping unneeded JARs during scanning can improve startup time and JSP compilation time.
07-Dec-2020 11:45:44.505 INFO [main] org.apache.catalina.startup.HostConfig.deployDirectory Deployment of web application directory [/camunda/webapps/engine-rest] has finished in [1,918] ms
07-Dec-2020 11:45:44.511 INFO [main] org.apache.coyote.AbstractProtocol.start Starting ProtocolHandler ["http-nio-8080"]
07-Dec-2020 11:45:44.541 INFO [main] org.apache.catalina.startup.Catalina.start Server startup in [41,812] milliseconds
07-Dec-2020 11:52:32.319 INFO [http-nio-8080-exec-5] org.jboss.resteasy.spi.ResteasyDeployment.processApplication RESTEASY002225: Deploying javax.ws.rs.core.Application: class org.camunda.bpm.engine.rest.impl.application.DefaultApplication
07-Dec-2020 11:52:32.340 INFO [http-nio-8080-exec-5] org.jboss.resteasy.spi.ResteasyDeployment.processApplication RESTEASY002205: Adding provider class org.camunda.bpm.engine.rest.mapper.JacksonConfigurator from Application class org.camunda.bpm.engine.rest.impl.application.DefaultApplication
07-Dec-2020 11:52:32.342 INFO [http-nio-8080-exec-5] org.jboss.resteasy.spi.ResteasyDeployment.processApplication RESTEASY002205: Adding provider class org.camunda.bpm.engine.rest.exception.JsonParseExceptionHandler from Application class org.camunda.bpm.engine.rest.impl.application.DefaultApplication
07-Dec-2020 11:52:32.346 INFO [http-nio-8080-exec-5] org.jboss.resteasy.spi.ResteasyDeployment.processApplication RESTEASY002205: Adding provider class com.fasterxml.jackson.jaxrs.json.JacksonJsonProvider from Application class org.camunda.bpm.engine.rest.impl.application.DefaultApplication
07-Dec-2020 11:52:32.349 INFO [http-nio-8080-exec-5] org.jboss.resteasy.spi.ResteasyDeployment.processApplication RESTEASY002200: Adding class resource org.camunda.bpm.engine.rest.impl.JaxRsTwoNamedProcessEngineRestServiceImpl from Application class org.camunda.bpm.engine.rest.impl.application.DefaultApplication
07-Dec-2020 11:52:32.350 INFO [http-nio-8080-exec-5] org.jboss.resteasy.spi.ResteasyDeployment.processApplication RESTEASY002205: Adding provider class org.camunda.bpm.engine.rest.exception.JsonMappingExceptionHandler from Application class org.camunda.bpm.engine.rest.impl.application.DefaultApplication
07-Dec-2020 11:52:32.351 INFO [http-nio-8080-exec-5] org.jboss.resteasy.spi.ResteasyDeployment.processApplication RESTEASY002205: Adding provider class org.camunda.bpm.engine.rest.exception.ExceptionHandler from Application class org.camunda.bpm.engine.rest.impl.application.DefaultApplication
07-Dec-2020 11:52:32.352 INFO [http-nio-8080-exec-5] org.jboss.resteasy.spi.ResteasyDeployment.processApplication RESTEASY002205: Adding provider class org.camunda.bpm.engine.rest.exception.ProcessEngineExceptionHandler from Application class org.camunda.bpm.engine.rest.impl.application.DefaultApplication
07-Dec-2020 11:52:32.353 INFO [http-nio-8080-exec-5] org.jboss.resteasy.spi.ResteasyDeployment.processApplication RESTEASY002205: Adding provider class org.camunda.bpm.engine.rest.exception.RestExceptionHandler from Application class org.camunda.bpm.engine.rest.impl.application.DefaultApplication
07-Dec-2020 11:52:32.353 INFO [http-nio-8080-exec-5] org.jboss.resteasy.spi.ResteasyDeployment.processApplication RESTEASY002200: Adding class resource org.camunda.bpm.engine.rest.impl.JaxRsTwoDefaultProcessEngineRestServiceImpl from Application class org.camunda.bpm.engine.rest.impl.application.DefaultApplication
07-Dec-2020 11:52:32.356 INFO [http-nio-8080-exec-5] org.jboss.resteasy.spi.ResteasyDeployment.processApplication RESTEASY002205: Adding provider class org.camunda.bpm.engine.rest.mapper.MultipartPayloadProvider from Application class org.camunda.bpm.engine.rest.impl.application.DefaultApplication
07-Dec-2020 11:52:32.357 INFO [http-nio-8080-exec-5] org.jboss.resteasy.spi.ResteasyDeployment.processApplication RESTEASY002205: Adding provider class org.camunda.bpm.engine.rest.hal.JacksonHalJsonProvider from Application class org.camunda.bpm.engine.rest.impl.application.DefaultApplication
07-Dec-2020 11:52:35.884 SEVERE [http-nio-8080-exec-8] org.camunda.commons.logging.BaseLogger.logError ENGINE-16004 Exception while closing command context: ENGINE-09005 Could not parse BPMN process. Errors: 
* One of the attributes 'class', 'delegateExpression', 'type', or 'expression' is mandatory on serviceTask. | resource Ticketsystem.bpmn | line 52 | column 59
* One of the attributes 'class', 'delegateExpression', 'type', or 'expression' is mandatory on serviceTask. | resource Ticketsystem.bpmn | line 87 | column 84
* Exclusive Gateway 'Gateway_07rfzu9' has outgoing sequence flow 'Flow_1gktsp0' without condition which is not the default flow. | resource Ticketsystem.bpmn
* Exclusive Gateway 'Gateway_07rfzu9' has outgoing sequence flow 'Flow_0yr52xc' without condition which is not the default flow. | resource Ticketsystem.bpmn
* Exclusive Gateway 'Gateway_1qseyol' has outgoing sequence flow 'Flow_0clqruq' without condition which is not the default flow. | resource Ticketsystem.bpmn
* Exclusive Gateway 'Gateway_1qseyol' has outgoing sequence flow 'Flow_1umczbw' without condition which is not the default flow. | resource Ticketsystem.bpmn
	org.camunda.bpm.engine.ParseException: ENGINE-09005 Could not parse BPMN process. Errors: 
* One of the attributes 'class', 'delegateExpression', 'type', or 'expression' is mandatory on serviceTask. | resource Ticketsystem.bpmn | line 52 | column 59
* One of the attributes 'class', 'delegateExpression', 'type', or 'expression' is mandatory on serviceTask. | resource Ticketsystem.bpmn | line 87 | column 84
* Exclusive Gateway 'Gateway_07rfzu9' has outgoing sequence flow 'Flow_1gktsp0' without condition which is not the default flow. | resource Ticketsystem.bpmn
* Exclusive Gateway 'Gateway_07rfzu9' has outgoing sequence flow 'Flow_0yr52xc' without condition which is not the default flow. | resource Ticketsystem.bpmn
* Exclusive Gateway 'Gateway_1qseyol' has outgoing sequence flow 'Flow_0clqruq' without condition which is not the default flow. | resource Ticketsystem.bpmn
* Exclusive Gateway 'Gateway_1qseyol' has outgoing sequence flow 'Flow_1umczbw' without condition which is not the default flow. | resource Ticketsystem.bpmn
		at org.camunda.bpm.engine.impl.util.EngineUtilLogger.exceptionDuringParsing(EngineUtilLogger.java:66)
		at org.camunda.bpm.engine.impl.util.xml.Parse.throwExceptionForErrors(Parse.java:256)
		at org.camunda.bpm.engine.impl.bpmn.parser.BpmnParse.execute(BpmnParse.java:272)
		at org.camunda.bpm.engine.impl.bpmn.deployer.BpmnDeployer.transformDefinitions(BpmnDeployer.java:105)
		at org.camunda.bpm.engine.impl.AbstractDefinitionDeployer.transformResource(AbstractDefinitionDeployer.java:99)
		at org.camunda.bpm.engine.impl.AbstractDefinitionDeployer.parseDefinitionResources(AbstractDefinitionDeployer.java:74)
		at org.camunda.bpm.engine.impl.AbstractDefinitionDeployer.deploy(AbstractDefinitionDeployer.java:64)
		at org.camunda.bpm.engine.impl.persistence.deploy.cache.CacheDeployer$1.call(CacheDeployer.java:54)
		at org.camunda.bpm.engine.impl.persistence.deploy.cache.CacheDeployer$1.call(CacheDeployer.java:51)
		at org.camunda.bpm.engine.impl.interceptor.CommandContext.runWithoutAuthorization(CommandContext.java:546)
		at org.camunda.bpm.engine.impl.persistence.deploy.cache.CacheDeployer.deploy(CacheDeployer.java:51)
		at org.camunda.bpm.engine.impl.persistence.deploy.cache.DeploymentCache.deploy(DeploymentCache.java:67)
		at org.camunda.bpm.engine.impl.persistence.entity.DeploymentManager.insertDeployment(DeploymentManager.java:65)
		at org.camunda.bpm.engine.impl.cmd.DeployCmd.deploy(DeployCmd.java:254)
		at org.camunda.bpm.engine.impl.cmd.DeployCmd.lambda$doExecute$0(DeployCmd.java:155)
		at org.camunda.bpm.engine.impl.interceptor.CommandContext.runWithoutAuthorization(CommandContext.java:546)
		at org.camunda.bpm.engine.impl.cmd.DeployCmd.doExecute(DeployCmd.java:141)
		at org.camunda.bpm.engine.impl.cmd.DeployCmd.execute(DeployCmd.java:101)
		at org.camunda.bpm.engine.impl.cmd.DeployCmd.execute(DeployCmd.java:81)
		at org.camunda.bpm.engine.impl.interceptor.CommandExecutorImpl.execute(CommandExecutorImpl.java:28)
		at org.camunda.bpm.engine.impl.interceptor.CommandContextInterceptor.execute(CommandContextInterceptor.java:110)
		at org.camunda.bpm.engine.impl.interceptor.ProcessApplicationContextInterceptor.execute(ProcessApplicationContextInterceptor.java:70)
		at org.camunda.bpm.engine.impl.interceptor.CommandCounterInterceptor.execute(CommandCounterInterceptor.java:35)
		at org.camunda.bpm.engine.impl.interceptor.LogInterceptor.execute(LogInterceptor.java:33)
		at org.camunda.bpm.engine.impl.RepositoryServiceImpl.deployWithResult(RepositoryServiceImpl.java:102)
		at org.camunda.bpm.engine.impl.repository.DeploymentBuilderImpl.deployWithResult(DeploymentBuilderImpl.java:270)
		at org.camunda.bpm.engine.rest.impl.DeploymentRestServiceImpl.createDeployment(DeploymentRestServiceImpl.java:98)
		at java.base/jdk.internal.reflect.NativeMethodAccessorImpl.invoke0(Native Method)
		at java.base/jdk.internal.reflect.NativeMethodAccessorImpl.invoke(NativeMethodAccessorImpl.java:62)
		at java.base/jdk.internal.reflect.DelegatingMethodAccessorImpl.invoke(DelegatingMethodAccessorImpl.java:43)
		at java.base/java.lang.reflect.Method.invoke(Method.java:566)
		at org.jboss.resteasy.core.MethodInjectorImpl.invoke(MethodInjectorImpl.java:138)
		at org.jboss.resteasy.core.ResourceMethodInvoker.internalInvokeOnTarget(ResourceMethodInvoker.java:526)
		at org.jboss.resteasy.core.ResourceMethodInvoker.invokeOnTargetAfterFilter(ResourceMethodInvoker.java:415)
		at org.jboss.resteasy.core.ResourceMethodInvoker.lambda$invokeOnTarget$0(ResourceMethodInvoker.java:376)
		at org.jboss.resteasy.core.interception.PreMatchContainerRequestContext.filter(PreMatchContainerRequestContext.java:356)
		at org.jboss.resteasy.core.ResourceMethodInvoker.invokeOnTarget(ResourceMethodInvoker.java:378)
		at org.jboss.resteasy.core.ResourceMethodInvoker.invoke(ResourceMethodInvoker.java:347)
		at org.jboss.resteasy.core.ResourceLocatorInvoker.invokeOnTargetObject(ResourceLocatorInvoker.java:150)
		at org.jboss.resteasy.core.ResourceLocatorInvoker.invoke(ResourceLocatorInvoker.java:104)
		at org.jboss.resteasy.core.SynchronousDispatcher.invoke(SynchronousDispatcher.java:440)
		at org.jboss.resteasy.core.SynchronousDispatcher.lambda$invoke$4(SynchronousDispatcher.java:229)
		at org.jboss.resteasy.core.SynchronousDispatcher.lambda$preprocess$0(SynchronousDispatcher.java:135)
		at org.jboss.resteasy.core.interception.PreMatchContainerRequestContext.filter(PreMatchContainerRequestContext.java:356)
		at org.jboss.resteasy.core.SynchronousDispatcher.preprocess(SynchronousDispatcher.java:138)
		at org.jboss.resteasy.core.SynchronousDispatcher.invoke(SynchronousDispatcher.java:215)
		at org.jboss.resteasy.plugins.server.servlet.ServletContainerDispatcher.service(ServletContainerDispatcher.java:227)
		at org.jboss.resteasy.plugins.server.servlet.HttpServletDispatcher.service(HttpServletDispatcher.java:56)
		at org.jboss.resteasy.plugins.server.servlet.HttpServletDispatcher.service(HttpServletDispatcher.java:51)
		at javax.servlet.http.HttpServlet.service(HttpServlet.java:741)
		at org.apache.catalina.core.ApplicationFilterChain.internalDoFilter(ApplicationFilterChain.java:231)
		at org.apache.catalina.core.ApplicationFilterChain.doFilter(ApplicationFilterChain.java:166)
		at org.apache.tomcat.websocket.server.WsFilter.doFilter(WsFilter.java:53)
		at org.apache.catalina.core.ApplicationFilterChain.internalDoFilter(ApplicationFilterChain.java:193)
		at org.apache.catalina.core.ApplicationFilterChain.doFilter(ApplicationFilterChain.java:166)
		at org.camunda.bpm.engine.rest.filter.CacheControlFilter.doFilter(CacheControlFilter.java:45)
		at org.apache.catalina.core.ApplicationFilterChain.internalDoFilter(ApplicationFilterChain.java:193)
		at org.apache.catalina.core.ApplicationFilterChain.doFilter(ApplicationFilterChain.java:166)
		at org.camunda.bpm.engine.rest.filter.EmptyBodyFilter.doFilter(EmptyBodyFilter.java:101)
		at org.apache.catalina.core.ApplicationFilterChain.internalDoFilter(ApplicationFilterChain.java:193)
		at org.apache.catalina.core.ApplicationFilterChain.doFilter(ApplicationFilterChain.java:166)
		at org.apache.catalina.core.StandardWrapperValve.invoke(StandardWrapperValve.java:202)
		at org.apache.catalina.core.StandardContextValve.invoke(StandardContextValve.java:96)
		at org.apache.catalina.authenticator.AuthenticatorBase.invoke(AuthenticatorBase.java:541)
		at org.apache.catalina.core.StandardHostValve.invoke(StandardHostValve.java:139)
		at org.apache.catalina.valves.ErrorReportValve.invoke(ErrorReportValve.java:92)
		at org.apache.catalina.valves.AbstractAccessLogValve.invoke(AbstractAccessLogValve.java:690)
		at org.apache.catalina.core.StandardEngineValve.invoke(StandardEngineValve.java:74)
		at org.apache.catalina.connector.CoyoteAdapter.service(CoyoteAdapter.java:343)
		at org.apache.coyote.http11.Http11Processor.service(Http11Processor.java:373)
		at org.apache.coyote.AbstractProcessorLight.process(AbstractProcessorLight.java:65)
		at org.apache.coyote.AbstractProtocol$ConnectionHandler.process(AbstractProtocol.java:868)
		at org.apache.tomcat.util.net.NioEndpoint$SocketProcessor.doRun(NioEndpoint.java:1590)
		at org.apache.tomcat.util.net.SocketProcessorBase.run(SocketProcessorBase.java:49)
		at java.base/java.util.concurrent.ThreadPoolExecutor.runWorker(ThreadPoolExecutor.java:1128)
		at java.base/java.util.concurrent.ThreadPoolExecutor$Worker.run(ThreadPoolExecutor.java:628)
		at org.apache.tomcat.util.threads.TaskThread$WrappingRunnable.run(TaskThread.java:61)
		at java.base/java.lang.Thread.run(Thread.java:834)
07-Dec-2020 12:08:10.286 INFO [http-nio-8080-exec-9] org.jboss.resteasy.spi.ResteasyDeployment.processApplication RESTEASY002225: Deploying javax.ws.rs.core.Application: class org.camunda.bpm.cockpit.impl.web.CockpitApplication
07-Dec-2020 12:08:10.306 INFO [http-nio-8080-exec-9] org.jboss.resteasy.spi.ResteasyDeployment.processApplication RESTEASY002200: Adding class resource org.camunda.bpm.cockpit.impl.plugin.resources.CockpitPluginsRootResource from Application class org.camunda.bpm.cockpit.impl.web.CockpitApplication
07-Dec-2020 12:08:10.308 INFO [http-nio-8080-exec-9] org.jboss.resteasy.spi.ResteasyDeployment.processApplication RESTEASY002205: Adding provider class org.camunda.bpm.engine.rest.mapper.JacksonConfigurator from Application class org.camunda.bpm.cockpit.impl.web.CockpitApplication
07-Dec-2020 12:08:10.315 INFO [http-nio-8080-exec-9] org.jboss.resteasy.spi.ResteasyDeployment.processApplication RESTEASY002205: Adding provider class org.camunda.bpm.engine.rest.exception.RestExceptionHandler from Application class org.camunda.bpm.cockpit.impl.web.CockpitApplication
07-Dec-2020 12:08:10.317 INFO [http-nio-8080-exec-9] org.jboss.resteasy.spi.ResteasyDeployment.processApplication RESTEASY002205: Adding provider class org.camunda.bpm.engine.rest.exception.ExceptionHandler from Application class org.camunda.bpm.cockpit.impl.web.CockpitApplication
07-Dec-2020 12:08:10.318 INFO [http-nio-8080-exec-9] org.jboss.resteasy.spi.ResteasyDeployment.processApplication RESTEASY002200: Adding class resource org.camunda.bpm.cockpit.impl.plugin.resources.BaseRootResource from Application class org.camunda.bpm.cockpit.impl.web.CockpitApplication
07-Dec-2020 12:08:10.320 INFO [http-nio-8080-exec-9] org.jboss.resteasy.spi.ResteasyDeployment.processApplication RESTEASY002205: Adding provider class com.fasterxml.jackson.jaxrs.json.JacksonJsonProvider from Application class org.camunda.bpm.cockpit.impl.web.CockpitApplication
07-Dec-2020 12:08:10.706 INFO [http-nio-8080-exec-10] org.jboss.resteasy.spi.ResteasyDeployment.processApplication RESTEASY002225: Deploying javax.ws.rs.core.Application: class org.camunda.bpm.webapp.impl.engine.EngineRestApplication
07-Dec-2020 12:08:10.710 INFO [http-nio-8080-exec-6] org.jboss.resteasy.spi.ResteasyDeployment.processApplication RESTEASY002225: Deploying javax.ws.rs.core.Application: class org.camunda.bpm.admin.impl.web.AdminApplication
07-Dec-2020 12:08:10.729 INFO [http-nio-8080-exec-10] org.jboss.resteasy.spi.ResteasyDeployment.processApplication RESTEASY002205: Adding provider class org.camunda.bpm.engine.rest.hal.JacksonHalJsonProvider from Application class org.camunda.bpm.webapp.impl.engine.EngineRestApplication
07-Dec-2020 12:08:10.732 INFO [http-nio-8080-exec-10] org.jboss.resteasy.spi.ResteasyDeployment.processApplication RESTEASY002205: Adding provider class org.camunda.bpm.engine.rest.mapper.JacksonConfigurator from Application class org.camunda.bpm.webapp.impl.engine.EngineRestApplication
07-Dec-2020 12:08:10.733 INFO [http-nio-8080-exec-10] org.jboss.resteasy.spi.ResteasyDeployment.processApplication RESTEASY002205: Adding provider class org.camunda.bpm.engine.rest.exception.JsonParseExceptionHandler from Application class org.camunda.bpm.webapp.impl.engine.EngineRestApplication
07-Dec-2020 12:08:10.733 INFO [http-nio-8080-exec-10] org.jboss.resteasy.spi.ResteasyDeployment.processApplication RESTEASY002205: Adding provider class org.camunda.bpm.engine.rest.exception.RestExceptionHandler from Application class org.camunda.bpm.webapp.impl.engine.EngineRestApplication
07-Dec-2020 12:08:10.734 INFO [http-nio-8080-exec-10] org.jboss.resteasy.spi.ResteasyDeployment.processApplication RESTEASY002200: Adding class resource org.camunda.bpm.engine.rest.impl.NamedProcessEngineRestServiceImpl from Application class org.camunda.bpm.webapp.impl.engine.EngineRestApplication
07-Dec-2020 12:08:10.735 INFO [http-nio-8080-exec-10] org.jboss.resteasy.spi.ResteasyDeployment.processApplication RESTEASY002205: Adding provider class org.camunda.bpm.engine.rest.exception.JsonMappingExceptionHandler from Application class org.camunda.bpm.webapp.impl.engine.EngineRestApplication
07-Dec-2020 12:08:10.735 INFO [http-nio-8080-exec-10] org.jboss.resteasy.spi.ResteasyDeployment.processApplication RESTEASY002205: Adding provider class org.camunda.bpm.engine.rest.exception.ExceptionHandler from Application class org.camunda.bpm.webapp.impl.engine.EngineRestApplication
07-Dec-2020 12:08:10.736 INFO [http-nio-8080-exec-10] org.jboss.resteasy.spi.ResteasyDeployment.processApplication RESTEASY002205: Adding provider class org.camunda.bpm.engine.rest.exception.ProcessEngineExceptionHandler from Application class org.camunda.bpm.webapp.impl.engine.EngineRestApplication
07-Dec-2020 12:08:10.737 INFO [http-nio-8080-exec-10] org.jboss.resteasy.spi.ResteasyDeployment.processApplication RESTEASY002205: Adding provider class org.camunda.bpm.engine.rest.mapper.MultipartPayloadProvider from Application class org.camunda.bpm.webapp.impl.engine.EngineRestApplication
07-Dec-2020 12:08:10.737 INFO [http-nio-8080-exec-10] org.jboss.resteasy.spi.ResteasyDeployment.processApplication RESTEASY002205: Adding provider class com.fasterxml.jackson.jaxrs.json.JacksonJsonProvider from Application class org.camunda.bpm.webapp.impl.engine.EngineRestApplication
07-Dec-2020 12:08:10.750 INFO [http-nio-8080-exec-6] org.jboss.resteasy.spi.ResteasyDeployment.processApplication RESTEASY002205: Adding provider class org.camunda.bpm.engine.rest.mapper.JacksonConfigurator from Application class org.camunda.bpm.admin.impl.web.AdminApplication
07-Dec-2020 12:08:10.751 INFO [http-nio-8080-exec-6] org.jboss.resteasy.spi.ResteasyDeployment.processApplication RESTEASY002205: Adding provider class org.camunda.bpm.engine.rest.exception.RestExceptionHandler from Application class org.camunda.bpm.admin.impl.web.AdminApplication
07-Dec-2020 12:08:10.752 INFO [http-nio-8080-exec-6] org.jboss.resteasy.spi.ResteasyDeployment.processApplication RESTEASY002200: Adding class resource org.camunda.bpm.admin.impl.plugin.resources.AdminPluginsRootResource from Application class org.camunda.bpm.admin.impl.web.AdminApplication
07-Dec-2020 12:08:10.753 INFO [http-nio-8080-exec-6] org.jboss.resteasy.spi.ResteasyDeployment.processApplication RESTEASY002200: Adding class resource org.camunda.bpm.admin.impl.plugin.resources.BaseRootResource from Application class org.camunda.bpm.admin.impl.web.AdminApplication
07-Dec-2020 12:08:10.765 INFO [http-nio-8080-exec-6] org.jboss.resteasy.spi.ResteasyDeployment.processApplication RESTEASY002205: Adding provider class org.camunda.bpm.engine.rest.exception.ExceptionHandler from Application class org.camunda.bpm.admin.impl.web.AdminApplication
07-Dec-2020 12:08:10.767 INFO [http-nio-8080-exec-6] org.jboss.resteasy.spi.ResteasyDeployment.processApplication RESTEASY002200: Adding class resource org.camunda.bpm.admin.impl.web.SetupResource from Application class org.camunda.bpm.admin.impl.web.AdminApplication
07-Dec-2020 12:08:10.768 INFO [http-nio-8080-exec-6] org.jboss.resteasy.spi.ResteasyDeployment.processApplication RESTEASY002200: Adding class resource org.camunda.bpm.webapp.impl.security.auth.UserAuthenticationResource from Application class org.camunda.bpm.admin.impl.web.AdminApplication
07-Dec-2020 12:08:10.770 INFO [http-nio-8080-exec-6] org.jboss.resteasy.spi.ResteasyDeployment.processApplication RESTEASY002205: Adding provider class com.fasterxml.jackson.jaxrs.json.JacksonJsonProvider from Application class org.camunda.bpm.admin.impl.web.AdminApplication
07-Dec-2020 12:09:07.419 INFO [http-nio-8080-exec-2] org.jboss.resteasy.spi.ResteasyDeployment.processApplication RESTEASY002225: Deploying javax.ws.rs.core.Application: class org.camunda.bpm.tasklist.impl.web.TasklistApplication
07-Dec-2020 12:09:07.433 INFO [http-nio-8080-exec-2] org.jboss.resteasy.spi.ResteasyDeployment.processApplication RESTEASY002205: Adding provider class org.camunda.bpm.engine.rest.mapper.JacksonConfigurator from Application class org.camunda.bpm.tasklist.impl.web.TasklistApplication
07-Dec-2020 12:09:07.434 INFO [http-nio-8080-exec-2] org.jboss.resteasy.spi.ResteasyDeployment.processApplication RESTEASY002205: Adding provider class org.camunda.bpm.engine.rest.exception.RestExceptionHandler from Application class org.camunda.bpm.tasklist.impl.web.TasklistApplication
07-Dec-2020 12:09:07.439 INFO [http-nio-8080-exec-2] org.jboss.resteasy.spi.ResteasyDeployment.processApplication RESTEASY002205: Adding provider class org.camunda.bpm.engine.rest.exception.ExceptionHandler from Application class org.camunda.bpm.tasklist.impl.web.TasklistApplication
07-Dec-2020 12:09:07.440 INFO [http-nio-8080-exec-2] org.jboss.resteasy.spi.ResteasyDeployment.processApplication RESTEASY002200: Adding class resource org.camunda.bpm.tasklist.impl.plugin.resources.TasklistPluginsRootResource from Application class org.camunda.bpm.tasklist.impl.web.TasklistApplication
07-Dec-2020 12:09:07.441 INFO [http-nio-8080-exec-2] org.jboss.resteasy.spi.ResteasyDeployment.processApplication RESTEASY002205: Adding provider class com.fasterxml.jackson.jaxrs.json.JacksonJsonProvider from Application class org.camunda.bpm.tasklist.impl.web.TasklistApplication
07-Dec-2020 13:46:13.678 INFO [main] org.apache.catalina.startup.VersionLoggerListener.log Server version name:   Apache Tomcat/9.0.36
07-Dec-2020 13:46:13.692 INFO [main] org.apache.catalina.startup.VersionLoggerListener.log Server built:          Jun 3 2020 17:07:09 UTC
07-Dec-2020 13:46:13.693 INFO [main] org.apache.catalina.startup.VersionLoggerListener.log Server version number: 9.0.36.0
07-Dec-2020 13:46:13.694 INFO [main] org.apache.catalina.startup.VersionLoggerListener.log OS Name:               Linux
07-Dec-2020 13:46:13.694 INFO [main] org.apache.catalina.startup.VersionLoggerListener.log OS Version:            4.19.76-linuxkit
07-Dec-2020 13:46:13.696 INFO [main] org.apache.catalina.startup.VersionLoggerListener.log Architecture:          amd64
07-Dec-2020 13:46:13.696 INFO [main] org.apache.catalina.startup.VersionLoggerListener.log Java Home:             /usr/lib/jvm/java-11-openjdk
07-Dec-2020 13:46:13.697 INFO [main] org.apache.catalina.startup.VersionLoggerListener.log JVM Version:           11.0.4+4-alpine-r1
07-Dec-2020 13:46:13.698 INFO [main] org.apache.catalina.startup.VersionLoggerListener.log JVM Vendor:            Alpine
07-Dec-2020 13:46:13.701 INFO [main] org.apache.catalina.startup.VersionLoggerListener.log CATALINA_BASE:         /camunda
07-Dec-2020 13:46:13.704 INFO [main] org.apache.catalina.startup.VersionLoggerListener.log CATALINA_HOME:         /camunda
07-Dec-2020 13:46:13.711 INFO [main] org.apache.catalina.startup.VersionLoggerListener.log Command line argument: --add-opens=java.base/java.lang=ALL-UNNAMED
07-Dec-2020 13:46:13.713 INFO [main] org.apache.catalina.startup.VersionLoggerListener.log Command line argument: --add-opens=java.base/java.io=ALL-UNNAMED
07-Dec-2020 13:46:13.715 INFO [main] org.apache.catalina.startup.VersionLoggerListener.log Command line argument: --add-opens=java.rmi/sun.rmi.transport=ALL-UNNAMED
07-Dec-2020 13:46:13.717 INFO [main] org.apache.catalina.startup.VersionLoggerListener.log Command line argument: --add-opens=java.base/java.lang=ALL-UNNAMED
07-Dec-2020 13:46:13.722 INFO [main] org.apache.catalina.startup.VersionLoggerListener.log Command line argument: --add-opens=java.base/java.io=ALL-UNNAMED
07-Dec-2020 13:46:13.723 INFO [main] org.apache.catalina.startup.VersionLoggerListener.log Command line argument: --add-opens=java.rmi/sun.rmi.transport=ALL-UNNAMED
07-Dec-2020 13:46:13.724 INFO [main] org.apache.catalina.startup.VersionLoggerListener.log Command line argument: -Djava.util.logging.config.file=/camunda/conf/logging.properties
07-Dec-2020 13:46:13.724 INFO [main] org.apache.catalina.startup.VersionLoggerListener.log Command line argument: -Djava.util.logging.manager=org.apache.juli.ClassLoaderLogManager
07-Dec-2020 13:46:13.725 INFO [main] org.apache.catalina.startup.VersionLoggerListener.log Command line argument: -Xmx768m
07-Dec-2020 13:46:13.725 INFO [main] org.apache.catalina.startup.VersionLoggerListener.log Command line argument: -XX:MaxMetaspaceSize=256m
07-Dec-2020 13:46:13.726 INFO [main] org.apache.catalina.startup.VersionLoggerListener.log Command line argument: -Djdk.tls.ephemeralDHKeySize=2048
07-Dec-2020 13:46:13.727 INFO [main] org.apache.catalina.startup.VersionLoggerListener.log Command line argument: -Djava.protocol.handler.pkgs=org.apache.catalina.webresources
07-Dec-2020 13:46:13.727 INFO [main] org.apache.catalina.startup.VersionLoggerListener.log Command line argument: -Dorg.apache.catalina.security.SecurityListener.UMASK=0027
07-Dec-2020 13:46:13.728 INFO [main] org.apache.catalina.startup.VersionLoggerListener.log Command line argument: -Dignore.endorsed.dirs=
07-Dec-2020 13:46:13.728 INFO [main] org.apache.catalina.startup.VersionLoggerListener.log Command line argument: -Dcatalina.base=/camunda
07-Dec-2020 13:46:13.729 INFO [main] org.apache.catalina.startup.VersionLoggerListener.log Command line argument: -Dcatalina.home=/camunda
07-Dec-2020 13:46:13.729 INFO [main] org.apache.catalina.startup.VersionLoggerListener.log Command line argument: -Djava.io.tmpdir=/camunda/temp
07-Dec-2020 13:46:13.730 INFO [main] org.apache.catalina.core.AprLifecycleListener.lifecycleEvent The Apache Tomcat Native library which allows using OpenSSL was not found on the java.library.path: [/usr/lib/jvm/java-11-openjdk/lib/server:/usr/lib/jvm/java-11-openjdk/lib:/usr/lib/jvm/java-11-openjdk/../lib:/usr/java/packages/lib:/usr/lib64:/lib64:/lib:/usr/lib]
07-Dec-2020 13:46:14.613 INFO [main] org.apache.coyote.AbstractProtocol.init Initializing ProtocolHandler ["http-nio-8080"]
07-Dec-2020 13:46:14.697 INFO [main] org.apache.catalina.startup.Catalina.load Server initialization in [1,938] milliseconds
07-Dec-2020 13:46:16.014 INFO [main] org.camunda.commons.logging.BaseLogger.logInfo ENGINE-08046 Found camunda bpm platform configuration in CATALINA_BASE/CATALINA_HOME conf directory [/camunda/conf/bpm-platform.xml] at 'file:/camunda/conf/bpm-platform.xml'
07-Dec-2020 13:46:16.699 INFO [main] org.camunda.commons.logging.BaseLogger.logInfo ENGINE-12003 Plugin 'ProcessApplicationEventListenerPlugin' activated on process engine 'default'
07-Dec-2020 13:46:16.734 INFO [main] org.camunda.commons.logging.BaseLogger.logInfo ENGINE-12003 Plugin 'SpinProcessEnginePlugin' activated on process engine 'default'
07-Dec-2020 13:46:16.750 INFO [main] org.camunda.commons.logging.BaseLogger.logInfo SPIN-01010 Discovered Spin data format provider: org.camunda.spin.impl.json.jackson.format.JacksonJsonDataFormatProvider[name = application/json]
07-Dec-2020 13:46:17.389 INFO [main] org.camunda.commons.logging.BaseLogger.logInfo SPIN-01010 Discovered Spin data format provider: org.camunda.spin.impl.xml.dom.format.DomXmlDataFormatProvider[name = application/xml]
07-Dec-2020 13:46:17.442 INFO [main] org.camunda.commons.logging.BaseLogger.logInfo SPIN-01009 Discovered Spin data format: org.camunda.spin.impl.xml.dom.format.DomXmlDataFormat[name = application/xml]
07-Dec-2020 13:46:17.443 INFO [main] org.camunda.commons.logging.BaseLogger.logInfo SPIN-01009 Discovered Spin data format: org.camunda.spin.impl.json.jackson.format.JacksonJsonDataFormat[name = application/json]
07-Dec-2020 13:46:17.443 INFO [main] org.camunda.commons.logging.BaseLogger.logInfo ENGINE-12003 Plugin 'ConnectProcessEnginePlugin' activated on process engine 'default'
07-Dec-2020 13:46:18.033 INFO [main] org.camunda.commons.logging.BaseLogger.logInfo CNCT-01004 Discovered provider for connector id 'http-connector' and class 'org.camunda.connect.httpclient.impl.HttpConnectorImpl': 'org.camunda.connect.httpclient.impl.HttpConnectorProviderImpl'
07-Dec-2020 13:46:18.046 INFO [main] org.camunda.commons.logging.BaseLogger.logInfo CNCT-01004 Discovered provider for connector id 'soap-http-connector' and class 'org.camunda.connect.httpclient.soap.impl.SoapHttpConnectorImpl': 'org.camunda.connect.httpclient.soap.impl.SoapHttpConnectorProviderImpl'
07-Dec-2020 13:46:18.623 INFO [main] org.camunda.commons.logging.BaseLogger.logInfo FEEL/SCALA-01001 Spin value mapper detected
07-Dec-2020 13:46:19.140 INFO [main] org.camunda.feel.FeelEngine.<init> Engine created. [value-mapper: CompositeValueMapper(List(org.camunda.feel.impl.JavaValueMapper@6dd1c3ed, org.camunda.spin.plugin.impl.feel.integration.SpinValueMapper@22a6e998)), function-provider: org.camunda.bpm.dmn.feel.impl.scala.function.CustomFunctionTransformer@fc807c1, clock: SystemClock, configuration: Configuration(false)]
07-Dec-2020 13:46:25.896 INFO [main] org.camunda.commons.logging.BaseLogger.logInfo ENGINE-00001 Process Engine default created.
07-Dec-2020 13:46:25.902 INFO [main] org.camunda.commons.logging.BaseLogger.logInfo ENGINE-14014 Starting up the JobExecutor[org.camunda.bpm.engine.impl.jobexecutor.RuntimeContainerJobExecutor].
07-Dec-2020 13:46:25.911 INFO [Thread-5] org.camunda.commons.logging.BaseLogger.logInfo ENGINE-14018 JobExecutor[org.camunda.bpm.engine.impl.jobexecutor.RuntimeContainerJobExecutor] starting to acquire jobs
07-Dec-2020 13:46:25.914 INFO [main] org.camunda.commons.logging.BaseLogger.logInfo ENGINE-08048 Camunda BPM platform sucessfully started at 'Apache Tomcat/9.0.36'.
07-Dec-2020 13:46:26.062 INFO [main] org.apache.catalina.core.StandardService.startInternal Starting service [Catalina]
07-Dec-2020 13:46:26.064 INFO [main] org.apache.catalina.core.StandardEngine.startInternal Starting Servlet engine: [Apache Tomcat/9.0.36]
07-Dec-2020 13:46:26.104 INFO [main] org.apache.catalina.startup.HostConfig.deployDirectory Deploying web application directory [/camunda/webapps/ROOT]
07-Dec-2020 13:46:42.564 INFO [main] org.apache.jasper.servlet.TldScanner.scanJars At least one JAR was scanned for TLDs yet contained no TLDs. Enable debug logging for this logger for a complete list of JARs that were scanned but no TLDs were found in them. Skipping unneeded JARs during scanning can improve startup time and JSP compilation time.
07-Dec-2020 13:46:42.728 INFO [main] org.apache.catalina.startup.HostConfig.deployDirectory Deployment of web application directory [/camunda/webapps/ROOT] has finished in [16,623] ms
07-Dec-2020 13:46:42.729 INFO [main] org.apache.catalina.startup.HostConfig.deployDirectory Deploying web application directory [/camunda/webapps/camunda]
07-Dec-2020 13:46:59.116 INFO [main] org.apache.jasper.servlet.TldScanner.scanJars At least one JAR was scanned for TLDs yet contained no TLDs. Enable debug logging for this logger for a complete list of JARs that were scanned but no TLDs were found in them. Skipping unneeded JARs during scanning can improve startup time and JSP compilation time.
07-Dec-2020 13:47:02.204 INFO [main] org.apache.catalina.startup.HostConfig.deployDirectory Deployment of web application directory [/camunda/webapps/camunda] has finished in [19,474] ms
07-Dec-2020 13:47:02.206 INFO [main] org.apache.catalina.startup.HostConfig.deployDirectory Deploying web application directory [/camunda/webapps/camunda-invoice]
07-Dec-2020 13:47:13.002 INFO [main] org.camunda.commons.logging.BaseLogger.logInfo ENGINE-07015 Detected @ProcessApplication class 'org.camunda.bpm.example.invoice.InvoiceProcessApplication'
07-Dec-2020 13:47:13.082 INFO [main] org.apache.jasper.servlet.TldScanner.scanJars At least one JAR was scanned for TLDs yet contained no TLDs. Enable debug logging for this logger for a complete list of JARs that were scanned but no TLDs were found in them. Skipping unneeded JARs during scanning can improve startup time and JSP compilation time.
07-Dec-2020 13:47:13.101 INFO [main] org.camunda.commons.logging.BaseLogger.logInfo ENGINE-08024 Found processes.xml file at file:/camunda/webapps/camunda-invoice/WEB-INF/classes/META-INF/processes.xml
07-Dec-2020 13:47:13.207 INFO [main] org.camunda.commons.logging.BaseLogger.logInfo ENGINE-08023 Deployment summary for process archive 'camunda-invoice': 

        invoiceBusinessDecisions.dmn
        invoice.v2.bpmn

07-Dec-2020 13:47:14.424 INFO [main] org.camunda.commons.logging.BaseLogger.logInfo ENGINE-07021 ProcessApplication 'camunda-invoice' registered for DB deployments [b4038c08-3881-11eb-8831-0242ac170002, b30d1e0a-3881-11eb-8831-0242ac170002]. Will execute process definitions 

        invoice[version: 2, id: invoice:2:b41147ab-3881-11eb-8831-0242ac170002]
        ReviewInvoice[version: 1, id: ReviewInvoice:1:b36724f0-3881-11eb-8831-0242ac170002]
        invoice[version: 1, id: invoice:1:b365ec6e-3881-11eb-8831-0242ac170002]
Deployment does not provide any case definitions.
07-Dec-2020 13:47:14.457 INFO [main] org.camunda.commons.logging.BaseLogger.logInfo SPIN-01010 Discovered Spin data format provider: org.camunda.spin.impl.json.jackson.format.JacksonJsonDataFormatProvider[name = application/json]
07-Dec-2020 13:47:14.465 INFO [main] org.camunda.commons.logging.BaseLogger.logInfo SPIN-01010 Discovered Spin data format provider: org.camunda.spin.impl.xml.dom.format.DomXmlDataFormatProvider[name = application/xml]
07-Dec-2020 13:47:14.479 INFO [main] org.camunda.commons.logging.BaseLogger.logInfo SPIN-01009 Discovered Spin data format: org.camunda.spin.impl.xml.dom.format.DomXmlDataFormat[name = application/xml]
07-Dec-2020 13:47:14.486 INFO [main] org.camunda.commons.logging.BaseLogger.logInfo SPIN-01009 Discovered Spin data format: org.camunda.spin.impl.json.jackson.format.JacksonJsonDataFormat[name = application/json]
07-Dec-2020 13:47:14.776 INFO [main] org.camunda.bpm.example.invoice.InvoiceProcessApplication.startProcessInstances No new instances of Invoice Receipt version 1 started, there are 3 instances running
07-Dec-2020 13:47:14.839 INFO [main] org.camunda.bpm.example.invoice.InvoiceProcessApplication.startProcessInstances No new instances of Invoice Receipt version 2 started, there are 3 instances running
07-Dec-2020 13:47:14.839 INFO [main] org.camunda.commons.logging.BaseLogger.logInfo ENGINE-08050 Process application camunda-invoice successfully deployed
07-Dec-2020 13:47:14.848 INFO [main] org.apache.catalina.startup.HostConfig.deployDirectory Deployment of web application directory [/camunda/webapps/camunda-invoice] has finished in [12,642] ms
07-Dec-2020 13:47:14.850 INFO [main] org.apache.catalina.startup.HostConfig.deployDirectory Deploying web application directory [/camunda/webapps/camunda-welcome]
07-Dec-2020 13:47:27.181 INFO [main] org.apache.jasper.servlet.TldScanner.scanJars At least one JAR was scanned for TLDs yet contained no TLDs. Enable debug logging for this logger for a complete list of JARs that were scanned but no TLDs were found in them. Skipping unneeded JARs during scanning can improve startup time and JSP compilation time.
07-Dec-2020 13:47:27.199 INFO [main] org.apache.catalina.startup.HostConfig.deployDirectory Deployment of web application directory [/camunda/webapps/camunda-welcome] has finished in [12,349] ms
07-Dec-2020 13:47:27.201 INFO [main] org.apache.catalina.startup.HostConfig.deployDirectory Deploying web application directory [/camunda/webapps/docs]
07-Dec-2020 13:47:42.792 INFO [main] org.apache.jasper.servlet.TldScanner.scanJars At least one JAR was scanned for TLDs yet contained no TLDs. Enable debug logging for this logger for a complete list of JARs that were scanned but no TLDs were found in them. Skipping unneeded JARs during scanning can improve startup time and JSP compilation time.
07-Dec-2020 13:47:42.806 INFO [main] org.apache.catalina.startup.HostConfig.deployDirectory Deployment of web application directory [/camunda/webapps/docs] has finished in [15,605] ms
07-Dec-2020 13:47:42.816 INFO [main] org.apache.catalina.startup.HostConfig.deployDirectory Deploying web application directory [/camunda/webapps/engine-rest]
07-Dec-2020 13:47:59.734 INFO [main] org.apache.jasper.servlet.TldScanner.scanJars At least one JAR was scanned for TLDs yet contained no TLDs. Enable debug logging for this logger for a complete list of JARs that were scanned but no TLDs were found in them. Skipping unneeded JARs during scanning can improve startup time and JSP compilation time.
07-Dec-2020 13:48:00.920 INFO [main] org.apache.catalina.startup.HostConfig.deployDirectory Deployment of web application directory [/camunda/webapps/engine-rest] has finished in [18,104] ms
07-Dec-2020 13:48:00.922 INFO [main] org.apache.catalina.startup.HostConfig.deployDirectory Deploying web application directory [/camunda/webapps/examples]
07-Dec-2020 13:48:17.314 INFO [main] org.apache.jasper.servlet.TldScanner.scanJars At least one JAR was scanned for TLDs yet contained no TLDs. Enable debug logging for this logger for a complete list of JARs that were scanned but no TLDs were found in them. Skipping unneeded JARs during scanning can improve startup time and JSP compilation time.
07-Dec-2020 13:48:17.543 INFO [main] org.apache.catalina.startup.HostConfig.deployDirectory Deployment of web application directory [/camunda/webapps/examples] has finished in [16,621] ms
07-Dec-2020 13:48:17.546 INFO [main] org.apache.catalina.startup.HostConfig.deployDirectory Deploying web application directory [/camunda/webapps/h2]
07-Dec-2020 13:48:30.184 INFO [main] org.apache.jasper.servlet.TldScanner.scanJars At least one JAR was scanned for TLDs yet contained no TLDs. Enable debug logging for this logger for a complete list of JARs that were scanned but no TLDs were found in them. Skipping unneeded JARs during scanning can improve startup time and JSP compilation time.
07-Dec-2020 13:48:30.222 INFO [main] org.apache.catalina.startup.HostConfig.deployDirectory Deployment of web application directory [/camunda/webapps/h2] has finished in [12,675] ms
07-Dec-2020 13:48:30.242 INFO [main] org.apache.catalina.startup.HostConfig.deployDirectory Deploying web application directory [/camunda/webapps/host-manager]
07-Dec-2020 13:48:44.186 INFO [main] org.apache.jasper.servlet.TldScanner.scanJars At least one JAR was scanned for TLDs yet contained no TLDs. Enable debug logging for this logger for a complete list of JARs that were scanned but no TLDs were found in them. Skipping unneeded JARs during scanning can improve startup time and JSP compilation time.
07-Dec-2020 13:48:44.199 INFO [main] org.apache.catalina.startup.HostConfig.deployDirectory Deployment of web application directory [/camunda/webapps/host-manager] has finished in [13,957] ms
07-Dec-2020 13:48:44.205 INFO [main] org.apache.catalina.startup.HostConfig.deployDirectory Deploying web application directory [/camunda/webapps/manager]
07-Dec-2020 13:48:59.410 INFO [main] org.apache.jasper.servlet.TldScanner.scanJars At least one JAR was scanned for TLDs yet contained no TLDs. Enable debug logging for this logger for a complete list of JARs that were scanned but no TLDs were found in them. Skipping unneeded JARs during scanning can improve startup time and JSP compilation time.
07-Dec-2020 13:48:59.429 INFO [main] org.apache.catalina.startup.HostConfig.deployDirectory Deployment of web application directory [/camunda/webapps/manager] has finished in [15,225] ms
07-Dec-2020 13:48:59.445 INFO [main] org.apache.coyote.AbstractProtocol.start Starting ProtocolHandler ["http-nio-8080"]
07-Dec-2020 13:48:59.489 INFO [main] org.apache.catalina.startup.Catalina.start Server startup in [164,791] milliseconds
07-Dec-2020 13:49:00.103 INFO [http-nio-8080-exec-3] org.jboss.resteasy.spi.ResteasyDeployment.processApplication RESTEASY002225: Deploying javax.ws.rs.core.Application: class org.camunda.bpm.webapp.impl.engine.EngineRestApplication
07-Dec-2020 13:49:00.220 INFO [http-nio-8080-exec-3] org.jboss.resteasy.spi.ResteasyDeployment.processApplication RESTEASY002205: Adding provider class org.camunda.bpm.engine.rest.hal.JacksonHalJsonProvider from Application class org.camunda.bpm.webapp.impl.engine.EngineRestApplication
07-Dec-2020 13:49:00.221 INFO [http-nio-8080-exec-3] org.jboss.resteasy.spi.ResteasyDeployment.processApplication RESTEASY002205: Adding provider class org.camunda.bpm.engine.rest.exception.JsonParseExceptionHandler from Application class org.camunda.bpm.webapp.impl.engine.EngineRestApplication
07-Dec-2020 13:49:00.222 INFO [http-nio-8080-exec-3] org.jboss.resteasy.spi.ResteasyDeployment.processApplication RESTEASY002205: Adding provider class org.camunda.bpm.engine.rest.exception.RestExceptionHandler from Application class org.camunda.bpm.webapp.impl.engine.EngineRestApplication
07-Dec-2020 13:49:00.223 INFO [http-nio-8080-exec-3] org.jboss.resteasy.spi.ResteasyDeployment.processApplication RESTEASY002205: Adding provider class org.camunda.bpm.engine.rest.exception.JsonMappingExceptionHandler from Application class org.camunda.bpm.webapp.impl.engine.EngineRestApplication
07-Dec-2020 13:49:00.224 INFO [http-nio-8080-exec-3] org.jboss.resteasy.spi.ResteasyDeployment.processApplication RESTEASY002205: Adding provider class org.camunda.bpm.engine.rest.mapper.MultipartPayloadProvider from Application class org.camunda.bpm.webapp.impl.engine.EngineRestApplication
07-Dec-2020 13:49:00.225 INFO [http-nio-8080-exec-3] org.jboss.resteasy.spi.ResteasyDeployment.processApplication RESTEASY002205: Adding provider class org.camunda.bpm.engine.rest.exception.ProcessEngineExceptionHandler from Application class org.camunda.bpm.webapp.impl.engine.EngineRestApplication
07-Dec-2020 13:49:00.226 INFO [http-nio-8080-exec-3] org.jboss.resteasy.spi.ResteasyDeployment.processApplication RESTEASY002205: Adding provider class org.camunda.bpm.engine.rest.exception.ExceptionHandler from Application class org.camunda.bpm.webapp.impl.engine.EngineRestApplication
07-Dec-2020 13:49:00.228 INFO [http-nio-8080-exec-3] org.jboss.resteasy.spi.ResteasyDeployment.processApplication RESTEASY002205: Adding provider class org.camunda.bpm.engine.rest.mapper.JacksonConfigurator from Application class org.camunda.bpm.webapp.impl.engine.EngineRestApplication
07-Dec-2020 13:49:00.229 INFO [http-nio-8080-exec-3] org.jboss.resteasy.spi.ResteasyDeployment.processApplication RESTEASY002205: Adding provider class com.fasterxml.jackson.jaxrs.json.JacksonJsonProvider from Application class org.camunda.bpm.webapp.impl.engine.EngineRestApplication
07-Dec-2020 13:49:00.233 INFO [http-nio-8080-exec-3] org.jboss.resteasy.spi.ResteasyDeployment.processApplication RESTEASY002200: Adding class resource org.camunda.bpm.engine.rest.impl.NamedProcessEngineRestServiceImpl from Application class org.camunda.bpm.webapp.impl.engine.EngineRestApplication
07-Dec-2020 13:49:15.181 INFO [http-nio-8080-exec-8] org.jboss.resteasy.spi.ResteasyDeployment.processApplication RESTEASY002225: Deploying javax.ws.rs.core.Application: class org.camunda.bpm.engine.rest.impl.application.DefaultApplication
07-Dec-2020 13:49:15.239 INFO [http-nio-8080-exec-8] org.jboss.resteasy.spi.ResteasyDeployment.processApplication RESTEASY002205: Adding provider class org.camunda.bpm.engine.rest.exception.ProcessEngineExceptionHandler from Application class org.camunda.bpm.engine.rest.impl.application.DefaultApplication
07-Dec-2020 13:49:15.239 INFO [http-nio-8080-exec-8] org.jboss.resteasy.spi.ResteasyDeployment.processApplication RESTEASY002205: Adding provider class org.camunda.bpm.engine.rest.exception.RestExceptionHandler from Application class org.camunda.bpm.engine.rest.impl.application.DefaultApplication
07-Dec-2020 13:49:15.239 INFO [http-nio-8080-exec-8] org.jboss.resteasy.spi.ResteasyDeployment.processApplication RESTEASY002205: Adding provider class org.camunda.bpm.engine.rest.exception.JsonMappingExceptionHandler from Application class org.camunda.bpm.engine.rest.impl.application.DefaultApplication
07-Dec-2020 13:49:15.240 INFO [http-nio-8080-exec-8] org.jboss.resteasy.spi.ResteasyDeployment.processApplication RESTEASY002205: Adding provider class org.camunda.bpm.engine.rest.mapper.JacksonConfigurator from Application class org.camunda.bpm.engine.rest.impl.application.DefaultApplication
07-Dec-2020 13:49:15.241 INFO [http-nio-8080-exec-8] org.jboss.resteasy.spi.ResteasyDeployment.processApplication RESTEASY002205: Adding provider class org.camunda.bpm.engine.rest.exception.JsonParseExceptionHandler from Application class org.camunda.bpm.engine.rest.impl.application.DefaultApplication
07-Dec-2020 13:49:15.241 INFO [http-nio-8080-exec-8] org.jboss.resteasy.spi.ResteasyDeployment.processApplication RESTEASY002205: Adding provider class org.camunda.bpm.engine.rest.exception.ExceptionHandler from Application class org.camunda.bpm.engine.rest.impl.application.DefaultApplication
07-Dec-2020 13:49:15.243 INFO [http-nio-8080-exec-8] org.jboss.resteasy.spi.ResteasyDeployment.processApplication RESTEASY002200: Adding class resource org.camunda.bpm.engine.rest.impl.JaxRsTwoNamedProcessEngineRestServiceImpl from Application class org.camunda.bpm.engine.rest.impl.application.DefaultApplication
07-Dec-2020 13:49:15.243 INFO [http-nio-8080-exec-8] org.jboss.resteasy.spi.ResteasyDeployment.processApplication RESTEASY002200: Adding class resource org.camunda.bpm.engine.rest.impl.JaxRsTwoDefaultProcessEngineRestServiceImpl from Application class org.camunda.bpm.engine.rest.impl.application.DefaultApplication
07-Dec-2020 13:49:15.244 INFO [http-nio-8080-exec-8] org.jboss.resteasy.spi.ResteasyDeployment.processApplication RESTEASY002205: Adding provider class com.fasterxml.jackson.jaxrs.json.JacksonJsonProvider from Application class org.camunda.bpm.engine.rest.impl.application.DefaultApplication
07-Dec-2020 13:49:15.246 INFO [http-nio-8080-exec-8] org.jboss.resteasy.spi.ResteasyDeployment.processApplication RESTEASY002205: Adding provider class org.camunda.bpm.engine.rest.mapper.MultipartPayloadProvider from Application class org.camunda.bpm.engine.rest.impl.application.DefaultApplication
07-Dec-2020 13:49:15.247 INFO [http-nio-8080-exec-8] org.jboss.resteasy.spi.ResteasyDeployment.processApplication RESTEASY002205: Adding provider class org.camunda.bpm.engine.rest.hal.JacksonHalJsonProvider from Application class org.camunda.bpm.engine.rest.impl.application.DefaultApplication
07-Dec-2020 13:49:41.132 INFO [http-nio-8080-exec-9] org.jboss.resteasy.spi.ResteasyDeployment.processApplication RESTEASY002225: Deploying javax.ws.rs.core.Application: class org.camunda.bpm.cockpit.impl.web.CockpitApplication
07-Dec-2020 13:49:41.153 INFO [http-nio-8080-exec-9] org.jboss.resteasy.spi.ResteasyDeployment.processApplication RESTEASY002205: Adding provider class org.camunda.bpm.engine.rest.exception.RestExceptionHandler from Application class org.camunda.bpm.cockpit.impl.web.CockpitApplication
07-Dec-2020 13:49:41.153 INFO [http-nio-8080-exec-9] org.jboss.resteasy.spi.ResteasyDeployment.processApplication RESTEASY002205: Adding provider class org.camunda.bpm.engine.rest.exception.ExceptionHandler from Application class org.camunda.bpm.cockpit.impl.web.CockpitApplication
07-Dec-2020 13:49:41.154 INFO [http-nio-8080-exec-9] org.jboss.resteasy.spi.ResteasyDeployment.processApplication RESTEASY002205: Adding provider class org.camunda.bpm.engine.rest.mapper.JacksonConfigurator from Application class org.camunda.bpm.cockpit.impl.web.CockpitApplication
07-Dec-2020 13:49:41.154 INFO [http-nio-8080-exec-9] org.jboss.resteasy.spi.ResteasyDeployment.processApplication RESTEASY002205: Adding provider class com.fasterxml.jackson.jaxrs.json.JacksonJsonProvider from Application class org.camunda.bpm.cockpit.impl.web.CockpitApplication
07-Dec-2020 13:49:41.154 INFO [http-nio-8080-exec-9] org.jboss.resteasy.spi.ResteasyDeployment.processApplication RESTEASY002200: Adding class resource org.camunda.bpm.cockpit.impl.plugin.resources.CockpitPluginsRootResource from Application class org.camunda.bpm.cockpit.impl.web.CockpitApplication
07-Dec-2020 13:49:41.154 INFO [http-nio-8080-exec-9] org.jboss.resteasy.spi.ResteasyDeployment.processApplication RESTEASY002200: Adding class resource org.camunda.bpm.cockpit.impl.plugin.resources.BaseRootResource from Application class org.camunda.bpm.cockpit.impl.web.CockpitApplication
07-Dec-2020 13:49:41.847 INFO [http-nio-8080-exec-6] org.jboss.resteasy.spi.ResteasyDeployment.processApplication RESTEASY002225: Deploying javax.ws.rs.core.Application: class org.camunda.bpm.admin.impl.web.AdminApplication
07-Dec-2020 13:49:41.923 INFO [http-nio-8080-exec-6] org.jboss.resteasy.spi.ResteasyDeployment.processApplication RESTEASY002200: Adding class resource org.camunda.bpm.admin.impl.plugin.resources.BaseRootResource from Application class org.camunda.bpm.admin.impl.web.AdminApplication
07-Dec-2020 13:49:41.924 INFO [http-nio-8080-exec-6] org.jboss.resteasy.spi.ResteasyDeployment.processApplication RESTEASY002205: Adding provider class org.camunda.bpm.engine.rest.exception.RestExceptionHandler from Application class org.camunda.bpm.admin.impl.web.AdminApplication
07-Dec-2020 13:49:41.925 INFO [http-nio-8080-exec-6] org.jboss.resteasy.spi.ResteasyDeployment.processApplication RESTEASY002205: Adding provider class org.camunda.bpm.engine.rest.exception.ExceptionHandler from Application class org.camunda.bpm.admin.impl.web.AdminApplication
07-Dec-2020 13:49:41.926 INFO [http-nio-8080-exec-6] org.jboss.resteasy.spi.ResteasyDeployment.processApplication RESTEASY002205: Adding provider class org.camunda.bpm.engine.rest.mapper.JacksonConfigurator from Application class org.camunda.bpm.admin.impl.web.AdminApplication
07-Dec-2020 13:49:41.927 INFO [http-nio-8080-exec-6] org.jboss.resteasy.spi.ResteasyDeployment.processApplication RESTEASY002205: Adding provider class com.fasterxml.jackson.jaxrs.json.JacksonJsonProvider from Application class org.camunda.bpm.admin.impl.web.AdminApplication
07-Dec-2020 13:49:41.928 INFO [http-nio-8080-exec-6] org.jboss.resteasy.spi.ResteasyDeployment.processApplication RESTEASY002200: Adding class resource org.camunda.bpm.admin.impl.plugin.resources.AdminPluginsRootResource from Application class org.camunda.bpm.admin.impl.web.AdminApplication
07-Dec-2020 13:49:41.930 INFO [http-nio-8080-exec-6] org.jboss.resteasy.spi.ResteasyDeployment.processApplication RESTEASY002200: Adding class resource org.camunda.bpm.webapp.impl.security.auth.UserAuthenticationResource from Application class org.camunda.bpm.admin.impl.web.AdminApplication
07-Dec-2020 13:49:41.932 INFO [http-nio-8080-exec-6] org.jboss.resteasy.spi.ResteasyDeployment.processApplication RESTEASY002200: Adding class resource org.camunda.bpm.admin.impl.web.SetupResource from Application class org.camunda.bpm.admin.impl.web.AdminApplication
07-Dec-2020 13:49:55.513 INFO [http-nio-8080-exec-10] org.jboss.resteasy.spi.ResteasyDeployment.processApplication RESTEASY002225: Deploying javax.ws.rs.core.Application: class org.camunda.bpm.tasklist.impl.web.TasklistApplication
07-Dec-2020 13:49:55.535 INFO [http-nio-8080-exec-10] org.jboss.resteasy.spi.ResteasyDeployment.processApplication RESTEASY002205: Adding provider class org.camunda.bpm.engine.rest.exception.RestExceptionHandler from Application class org.camunda.bpm.tasklist.impl.web.TasklistApplication
07-Dec-2020 13:49:55.536 INFO [http-nio-8080-exec-10] org.jboss.resteasy.spi.ResteasyDeployment.processApplication RESTEASY002205: Adding provider class org.camunda.bpm.engine.rest.exception.ExceptionHandler from Application class org.camunda.bpm.tasklist.impl.web.TasklistApplication
07-Dec-2020 13:49:55.538 INFO [http-nio-8080-exec-10] org.jboss.resteasy.spi.ResteasyDeployment.processApplication RESTEASY002200: Adding class resource org.camunda.bpm.tasklist.impl.plugin.resources.TasklistPluginsRootResource from Application class org.camunda.bpm.tasklist.impl.web.TasklistApplication
07-Dec-2020 13:49:55.538 INFO [http-nio-8080-exec-10] org.jboss.resteasy.spi.ResteasyDeployment.processApplication RESTEASY002205: Adding provider class org.camunda.bpm.engine.rest.mapper.JacksonConfigurator from Application class org.camunda.bpm.tasklist.impl.web.TasklistApplication
07-Dec-2020 13:49:55.538 INFO [http-nio-8080-exec-10] org.jboss.resteasy.spi.ResteasyDeployment.processApplication RESTEASY002205: Adding provider class com.fasterxml.jackson.jaxrs.json.JacksonJsonProvider from Application class org.camunda.bpm.tasklist.impl.web.TasklistApplication
