08-Dec-2020 09:29:08.290 INFO [main] org.apache.catalina.startup.VersionLoggerListener.log Server version name:   Apache Tomcat/9.0.36
08-Dec-2020 09:29:08.295 INFO [main] org.apache.catalina.startup.VersionLoggerListener.log Server built:          Jun 3 2020 17:07:09 UTC
08-Dec-2020 09:29:08.296 INFO [main] org.apache.catalina.startup.VersionLoggerListener.log Server version number: 9.0.36.0
08-Dec-2020 09:29:08.297 INFO [main] org.apache.catalina.startup.VersionLoggerListener.log OS Name:               Linux
08-Dec-2020 09:29:08.297 INFO [main] org.apache.catalina.startup.VersionLoggerListener.log OS Version:            5.4.39-linuxkit
08-Dec-2020 09:29:08.299 INFO [main] org.apache.catalina.startup.VersionLoggerListener.log Architecture:          amd64
08-Dec-2020 09:29:08.299 INFO [main] org.apache.catalina.startup.VersionLoggerListener.log Java Home:             /usr/lib/jvm/java-11-openjdk
08-Dec-2020 09:29:08.300 INFO [main] org.apache.catalina.startup.VersionLoggerListener.log JVM Version:           11.0.4+4-alpine-r1
08-Dec-2020 09:29:08.301 INFO [main] org.apache.catalina.startup.VersionLoggerListener.log JVM Vendor:            Alpine
08-Dec-2020 09:29:08.302 INFO [main] org.apache.catalina.startup.VersionLoggerListener.log CATALINA_BASE:         /camunda
08-Dec-2020 09:29:08.303 INFO [main] org.apache.catalina.startup.VersionLoggerListener.log CATALINA_HOME:         /camunda
08-Dec-2020 09:29:08.323 INFO [main] org.apache.catalina.startup.VersionLoggerListener.log Command line argument: --add-opens=java.base/java.lang=ALL-UNNAMED
08-Dec-2020 09:29:08.324 INFO [main] org.apache.catalina.startup.VersionLoggerListener.log Command line argument: --add-opens=java.base/java.io=ALL-UNNAMED
08-Dec-2020 09:29:08.325 INFO [main] org.apache.catalina.startup.VersionLoggerListener.log Command line argument: --add-opens=java.rmi/sun.rmi.transport=ALL-UNNAMED
08-Dec-2020 09:29:08.327 INFO [main] org.apache.catalina.startup.VersionLoggerListener.log Command line argument: --add-opens=java.base/java.lang=ALL-UNNAMED
08-Dec-2020 09:29:08.333 INFO [main] org.apache.catalina.startup.VersionLoggerListener.log Command line argument: --add-opens=java.base/java.io=ALL-UNNAMED
08-Dec-2020 09:29:08.333 INFO [main] org.apache.catalina.startup.VersionLoggerListener.log Command line argument: --add-opens=java.rmi/sun.rmi.transport=ALL-UNNAMED
08-Dec-2020 09:29:08.337 INFO [main] org.apache.catalina.startup.VersionLoggerListener.log Command line argument: -Djava.util.logging.config.file=/camunda/conf/logging.properties
08-Dec-2020 09:29:08.338 INFO [main] org.apache.catalina.startup.VersionLoggerListener.log Command line argument: -Djava.util.logging.manager=org.apache.juli.ClassLoaderLogManager
08-Dec-2020 09:29:08.340 INFO [main] org.apache.catalina.startup.VersionLoggerListener.log Command line argument: -Xmx768m
08-Dec-2020 09:29:08.342 INFO [main] org.apache.catalina.startup.VersionLoggerListener.log Command line argument: -XX:MaxMetaspaceSize=256m
08-Dec-2020 09:29:08.347 INFO [main] org.apache.catalina.startup.VersionLoggerListener.log Command line argument: -Djdk.tls.ephemeralDHKeySize=2048
08-Dec-2020 09:29:08.350 INFO [main] org.apache.catalina.startup.VersionLoggerListener.log Command line argument: -Djava.protocol.handler.pkgs=org.apache.catalina.webresources
08-Dec-2020 09:29:08.352 INFO [main] org.apache.catalina.startup.VersionLoggerListener.log Command line argument: -Dorg.apache.catalina.security.SecurityListener.UMASK=0027
08-Dec-2020 09:29:08.354 INFO [main] org.apache.catalina.startup.VersionLoggerListener.log Command line argument: -Dignore.endorsed.dirs=
08-Dec-2020 09:29:08.355 INFO [main] org.apache.catalina.startup.VersionLoggerListener.log Command line argument: -Dcatalina.base=/camunda
08-Dec-2020 09:29:08.356 INFO [main] org.apache.catalina.startup.VersionLoggerListener.log Command line argument: -Dcatalina.home=/camunda
08-Dec-2020 09:29:08.357 INFO [main] org.apache.catalina.startup.VersionLoggerListener.log Command line argument: -Djava.io.tmpdir=/camunda/temp
08-Dec-2020 09:29:08.357 INFO [main] org.apache.catalina.core.AprLifecycleListener.lifecycleEvent The Apache Tomcat Native library which allows using OpenSSL was not found on the java.library.path: [/usr/lib/jvm/java-11-openjdk/lib/server:/usr/lib/jvm/java-11-openjdk/lib:/usr/lib/jvm/java-11-openjdk/../lib:/usr/java/packages/lib:/usr/lib64:/lib64:/lib:/usr/lib]
08-Dec-2020 09:29:09.514 INFO [main] org.apache.coyote.AbstractProtocol.init Initializing ProtocolHandler ["http-nio-8080"]
08-Dec-2020 09:29:09.617 INFO [main] org.apache.catalina.startup.Catalina.load Server initialization in [2,333] milliseconds
08-Dec-2020 09:29:11.049 INFO [main] org.camunda.commons.logging.BaseLogger.logInfo ENGINE-08046 Found camunda bpm platform configuration in CATALINA_BASE/CATALINA_HOME conf directory [/camunda/conf/bpm-platform.xml] at 'file:/camunda/conf/bpm-platform.xml'
08-Dec-2020 09:29:11.785 INFO [main] org.camunda.commons.logging.BaseLogger.logInfo ENGINE-12003 Plugin 'ProcessApplicationEventListenerPlugin' activated on process engine 'default'
08-Dec-2020 09:29:11.831 INFO [main] org.camunda.commons.logging.BaseLogger.logInfo ENGINE-12003 Plugin 'SpinProcessEnginePlugin' activated on process engine 'default'
08-Dec-2020 09:29:11.850 INFO [main] org.camunda.commons.logging.BaseLogger.logInfo SPIN-01010 Discovered Spin data format provider: org.camunda.spin.impl.json.jackson.format.JacksonJsonDataFormatProvider[name = application/json]
08-Dec-2020 09:29:12.693 INFO [main] org.camunda.commons.logging.BaseLogger.logInfo SPIN-01010 Discovered Spin data format provider: org.camunda.spin.impl.xml.dom.format.DomXmlDataFormatProvider[name = application/xml]
08-Dec-2020 09:29:12.750 INFO [main] org.camunda.commons.logging.BaseLogger.logInfo SPIN-01009 Discovered Spin data format: org.camunda.spin.impl.xml.dom.format.DomXmlDataFormat[name = application/xml]
08-Dec-2020 09:29:12.751 INFO [main] org.camunda.commons.logging.BaseLogger.logInfo SPIN-01009 Discovered Spin data format: org.camunda.spin.impl.json.jackson.format.JacksonJsonDataFormat[name = application/json]
08-Dec-2020 09:29:12.753 INFO [main] org.camunda.commons.logging.BaseLogger.logInfo ENGINE-12003 Plugin 'ConnectProcessEnginePlugin' activated on process engine 'default'
08-Dec-2020 09:29:13.538 INFO [main] org.camunda.commons.logging.BaseLogger.logInfo CNCT-01004 Discovered provider for connector id 'http-connector' and class 'org.camunda.connect.httpclient.impl.HttpConnectorImpl': 'org.camunda.connect.httpclient.impl.HttpConnectorProviderImpl'
08-Dec-2020 09:29:13.558 INFO [main] org.camunda.commons.logging.BaseLogger.logInfo CNCT-01004 Discovered provider for connector id 'soap-http-connector' and class 'org.camunda.connect.httpclient.soap.impl.SoapHttpConnectorImpl': 'org.camunda.connect.httpclient.soap.impl.SoapHttpConnectorProviderImpl'
08-Dec-2020 09:29:14.269 INFO [main] org.camunda.commons.logging.BaseLogger.logInfo FEEL/SCALA-01001 Spin value mapper detected
08-Dec-2020 09:29:14.922 INFO [main] org.camunda.feel.FeelEngine.<init> Engine created. [value-mapper: CompositeValueMapper(List(org.camunda.feel.impl.JavaValueMapper@22a6e998, org.camunda.spin.plugin.impl.feel.integration.SpinValueMapper@55e42449)), function-provider: org.camunda.bpm.dmn.feel.impl.scala.function.CustomFunctionTransformer@296e281a, clock: SystemClock, configuration: Configuration(false)]
08-Dec-2020 09:29:23.682 INFO [main] org.camunda.commons.logging.BaseLogger.logInfo ENGINE-00001 Process Engine default created.
08-Dec-2020 09:29:23.686 INFO [main] org.camunda.commons.logging.BaseLogger.logInfo ENGINE-14014 Starting up the JobExecutor[org.camunda.bpm.engine.impl.jobexecutor.RuntimeContainerJobExecutor].
08-Dec-2020 09:29:23.692 INFO [Thread-5] org.camunda.commons.logging.BaseLogger.logInfo ENGINE-14018 JobExecutor[org.camunda.bpm.engine.impl.jobexecutor.RuntimeContainerJobExecutor] starting to acquire jobs
08-Dec-2020 09:29:23.695 INFO [main] org.camunda.commons.logging.BaseLogger.logInfo ENGINE-08048 Camunda BPM platform sucessfully started at 'Apache Tomcat/9.0.36'.
08-Dec-2020 09:29:23.824 INFO [main] org.apache.catalina.core.StandardService.startInternal Starting service [Catalina]
08-Dec-2020 09:29:23.826 INFO [main] org.apache.catalina.core.StandardEngine.startInternal Starting Servlet engine: [Apache Tomcat/9.0.36]
08-Dec-2020 09:29:23.889 INFO [main] org.apache.catalina.startup.HostConfig.deployDirectory Deploying web application directory [/camunda/webapps/ROOT]
08-Dec-2020 09:29:47.704 INFO [main] org.apache.jasper.servlet.TldScanner.scanJars At least one JAR was scanned for TLDs yet contained no TLDs. Enable debug logging for this logger for a complete list of JARs that were scanned but no TLDs were found in them. Skipping unneeded JARs during scanning can improve startup time and JSP compilation time.
08-Dec-2020 09:29:47.903 INFO [main] org.apache.catalina.startup.HostConfig.deployDirectory Deployment of web application directory [/camunda/webapps/ROOT] has finished in [24,011] ms
08-Dec-2020 09:29:47.906 INFO [main] org.apache.catalina.startup.HostConfig.deployDirectory Deploying web application directory [/camunda/webapps/camunda]
08-Dec-2020 09:30:15.004 INFO [main] org.apache.jasper.servlet.TldScanner.scanJars At least one JAR was scanned for TLDs yet contained no TLDs. Enable debug logging for this logger for a complete list of JARs that were scanned but no TLDs were found in them. Skipping unneeded JARs during scanning can improve startup time and JSP compilation time.
08-Dec-2020 09:30:19.548 INFO [main] org.apache.catalina.startup.HostConfig.deployDirectory Deployment of web application directory [/camunda/webapps/camunda] has finished in [31,643] ms
08-Dec-2020 09:30:19.550 INFO [main] org.apache.catalina.startup.HostConfig.deployDirectory Deploying web application directory [/camunda/webapps/camunda-invoice]
08-Dec-2020 09:30:36.413 INFO [main] org.camunda.commons.logging.BaseLogger.logInfo ENGINE-07015 Detected @ProcessApplication class 'org.camunda.bpm.example.invoice.InvoiceProcessApplication'
08-Dec-2020 09:30:36.540 INFO [main] org.apache.jasper.servlet.TldScanner.scanJars At least one JAR was scanned for TLDs yet contained no TLDs. Enable debug logging for this logger for a complete list of JARs that were scanned but no TLDs were found in them. Skipping unneeded JARs during scanning can improve startup time and JSP compilation time.
08-Dec-2020 09:30:36.585 INFO [main] org.camunda.commons.logging.BaseLogger.logInfo ENGINE-08024 Found processes.xml file at file:/camunda/webapps/camunda-invoice/WEB-INF/classes/META-INF/processes.xml
08-Dec-2020 09:30:36.765 INFO [main] org.camunda.commons.logging.BaseLogger.logInfo ENGINE-08023 Deployment summary for process archive 'camunda-invoice': 

        invoiceBusinessDecisions.dmn
        invoice.v2.bpmn

08-Dec-2020 09:30:38.246 INFO [main] org.camunda.commons.logging.BaseLogger.logInfo ENGINE-07021 ProcessApplication 'camunda-invoice' registered for DB deployments [c4625999-389e-11eb-a417-0242ac180002, c4bed183-389e-11eb-a417-0242ac180002]. Will execute process definitions 

        invoice[version: 1, id: invoice:1:c488cd5d-389e-11eb-a417-0242ac180002]
        invoice[version: 2, id: invoice:2:c4cadf76-389e-11eb-a417-0242ac180002]
Deployment does not provide any case definitions.
08-Dec-2020 09:30:38.282 INFO [main] org.camunda.commons.logging.BaseLogger.logInfo SPIN-01010 Discovered Spin data format provider: org.camunda.spin.impl.json.jackson.format.JacksonJsonDataFormatProvider[name = application/json]
08-Dec-2020 09:30:38.293 INFO [main] org.camunda.commons.logging.BaseLogger.logInfo SPIN-01010 Discovered Spin data format provider: org.camunda.spin.impl.xml.dom.format.DomXmlDataFormatProvider[name = application/xml]
08-Dec-2020 09:30:38.314 INFO [main] org.camunda.commons.logging.BaseLogger.logInfo SPIN-01009 Discovered Spin data format: org.camunda.spin.impl.xml.dom.format.DomXmlDataFormat[name = application/xml]
08-Dec-2020 09:30:38.318 INFO [main] org.camunda.commons.logging.BaseLogger.logInfo SPIN-01009 Discovered Spin data format: org.camunda.spin.impl.json.jackson.format.JacksonJsonDataFormat[name = application/json]
08-Dec-2020 09:30:38.587 INFO [main] org.camunda.bpm.example.invoice.InvoiceProcessApplication.startProcessInstances No new instances of Invoice Receipt version 1 started, there are 2 instances running
08-Dec-2020 09:30:38.723 INFO [main] org.camunda.bpm.example.invoice.InvoiceProcessApplication.startProcessInstances No new instances of Invoice Receipt version 2 started, there are 2 instances running
08-Dec-2020 09:30:38.724 INFO [main] org.camunda.commons.logging.BaseLogger.logInfo ENGINE-08050 Process application camunda-invoice successfully deployed
08-Dec-2020 09:30:38.740 INFO [main] org.apache.catalina.startup.HostConfig.deployDirectory Deployment of web application directory [/camunda/webapps/camunda-invoice] has finished in [19,190] ms
08-Dec-2020 09:30:38.742 INFO [main] org.apache.catalina.startup.HostConfig.deployDirectory Deploying web application directory [/camunda/webapps/camunda-welcome]
08-Dec-2020 09:30:58.793 INFO [main] org.apache.jasper.servlet.TldScanner.scanJars At least one JAR was scanned for TLDs yet contained no TLDs. Enable debug logging for this logger for a complete list of JARs that were scanned but no TLDs were found in them. Skipping unneeded JARs during scanning can improve startup time and JSP compilation time.
08-Dec-2020 09:30:58.807 INFO [main] org.apache.catalina.startup.HostConfig.deployDirectory Deployment of web application directory [/camunda/webapps/camunda-welcome] has finished in [20,064] ms
08-Dec-2020 09:30:58.810 INFO [main] org.apache.catalina.startup.HostConfig.deployDirectory Deploying web application directory [/camunda/webapps/docs]
08-Dec-2020 09:31:19.075 INFO [main] org.apache.jasper.servlet.TldScanner.scanJars At least one JAR was scanned for TLDs yet contained no TLDs. Enable debug logging for this logger for a complete list of JARs that were scanned but no TLDs were found in them. Skipping unneeded JARs during scanning can improve startup time and JSP compilation time.
08-Dec-2020 09:31:19.086 INFO [main] org.apache.catalina.startup.HostConfig.deployDirectory Deployment of web application directory [/camunda/webapps/docs] has finished in [20,275] ms
08-Dec-2020 09:31:19.088 INFO [main] org.apache.catalina.startup.HostConfig.deployDirectory Deploying web application directory [/camunda/webapps/engine-rest]
08-Dec-2020 09:31:39.553 INFO [main] org.apache.jasper.servlet.TldScanner.scanJars At least one JAR was scanned for TLDs yet contained no TLDs. Enable debug logging for this logger for a complete list of JARs that were scanned but no TLDs were found in them. Skipping unneeded JARs during scanning can improve startup time and JSP compilation time.
08-Dec-2020 09:31:41.016 INFO [main] org.apache.catalina.startup.HostConfig.deployDirectory Deployment of web application directory [/camunda/webapps/engine-rest] has finished in [21,928] ms
08-Dec-2020 09:31:41.018 INFO [main] org.apache.catalina.startup.HostConfig.deployDirectory Deploying web application directory [/camunda/webapps/examples]
08-Dec-2020 09:32:02.868 INFO [main] org.apache.jasper.servlet.TldScanner.scanJars At least one JAR was scanned for TLDs yet contained no TLDs. Enable debug logging for this logger for a complete list of JARs that were scanned but no TLDs were found in them. Skipping unneeded JARs during scanning can improve startup time and JSP compilation time.
08-Dec-2020 09:32:03.051 INFO [main] org.apache.catalina.startup.HostConfig.deployDirectory Deployment of web application directory [/camunda/webapps/examples] has finished in [22,034] ms
08-Dec-2020 09:32:03.054 INFO [main] org.apache.catalina.startup.HostConfig.deployDirectory Deploying web application directory [/camunda/webapps/h2]
08-Dec-2020 09:32:21.717 INFO [main] org.apache.jasper.servlet.TldScanner.scanJars At least one JAR was scanned for TLDs yet contained no TLDs. Enable debug logging for this logger for a complete list of JARs that were scanned but no TLDs were found in them. Skipping unneeded JARs during scanning can improve startup time and JSP compilation time.
08-Dec-2020 09:32:21.747 INFO [main] org.apache.catalina.startup.HostConfig.deployDirectory Deployment of web application directory [/camunda/webapps/h2] has finished in [18,694] ms
08-Dec-2020 09:32:21.750 INFO [main] org.apache.catalina.startup.HostConfig.deployDirectory Deploying web application directory [/camunda/webapps/host-manager]
08-Dec-2020 09:32:42.914 INFO [main] org.apache.jasper.servlet.TldScanner.scanJars At least one JAR was scanned for TLDs yet contained no TLDs. Enable debug logging for this logger for a complete list of JARs that were scanned but no TLDs were found in them. Skipping unneeded JARs during scanning can improve startup time and JSP compilation time.
08-Dec-2020 09:32:42.934 INFO [main] org.apache.catalina.startup.HostConfig.deployDirectory Deployment of web application directory [/camunda/webapps/host-manager] has finished in [21,184] ms
08-Dec-2020 09:32:42.937 INFO [main] org.apache.catalina.startup.HostConfig.deployDirectory Deploying web application directory [/camunda/webapps/manager]
08-Dec-2020 09:33:03.666 INFO [main] org.apache.jasper.servlet.TldScanner.scanJars At least one JAR was scanned for TLDs yet contained no TLDs. Enable debug logging for this logger for a complete list of JARs that were scanned but no TLDs were found in them. Skipping unneeded JARs during scanning can improve startup time and JSP compilation time.
08-Dec-2020 09:33:03.677 INFO [main] org.apache.catalina.startup.HostConfig.deployDirectory Deployment of web application directory [/camunda/webapps/manager] has finished in [20,740] ms
08-Dec-2020 09:33:03.689 INFO [main] org.apache.coyote.AbstractProtocol.start Starting ProtocolHandler ["http-nio-8080"]
08-Dec-2020 09:33:03.763 INFO [main] org.apache.catalina.startup.Catalina.start Server startup in [234,143] milliseconds
08-Dec-2020 09:33:08.723 INFO [http-nio-8080-exec-4] org.jboss.resteasy.spi.ResteasyDeployment.processApplication RESTEASY002225: Deploying javax.ws.rs.core.Application: class org.camunda.bpm.tasklist.impl.web.TasklistApplication
08-Dec-2020 09:33:08.786 INFO [http-nio-8080-exec-4] org.jboss.resteasy.spi.ResteasyDeployment.processApplication RESTEASY002200: Adding class resource org.camunda.bpm.tasklist.impl.plugin.resources.TasklistPluginsRootResource from Application class org.camunda.bpm.tasklist.impl.web.TasklistApplication
08-Dec-2020 09:33:08.792 INFO [http-nio-8080-exec-4] org.jboss.resteasy.spi.ResteasyDeployment.processApplication RESTEASY002205: Adding provider class org.camunda.bpm.engine.rest.mapper.JacksonConfigurator from Application class org.camunda.bpm.tasklist.impl.web.TasklistApplication
08-Dec-2020 09:33:08.792 INFO [http-nio-8080-exec-4] org.jboss.resteasy.spi.ResteasyDeployment.processApplication RESTEASY002205: Adding provider class com.fasterxml.jackson.jaxrs.json.JacksonJsonProvider from Application class org.camunda.bpm.tasklist.impl.web.TasklistApplication
08-Dec-2020 09:33:08.796 INFO [http-nio-8080-exec-4] org.jboss.resteasy.spi.ResteasyDeployment.processApplication RESTEASY002205: Adding provider class org.camunda.bpm.engine.rest.exception.RestExceptionHandler from Application class org.camunda.bpm.tasklist.impl.web.TasklistApplication
08-Dec-2020 09:33:08.797 INFO [http-nio-8080-exec-4] org.jboss.resteasy.spi.ResteasyDeployment.processApplication RESTEASY002205: Adding provider class org.camunda.bpm.engine.rest.exception.ExceptionHandler from Application class org.camunda.bpm.tasklist.impl.web.TasklistApplication
08-Dec-2020 09:33:11.885 INFO [http-nio-8080-exec-7] org.jboss.resteasy.spi.ResteasyDeployment.processApplication RESTEASY002225: Deploying javax.ws.rs.core.Application: class org.camunda.bpm.webapp.impl.engine.EngineRestApplication
08-Dec-2020 09:33:11.936 INFO [http-nio-8080-exec-8] org.jboss.resteasy.spi.ResteasyDeployment.processApplication RESTEASY002225: Deploying javax.ws.rs.core.Application: class org.camunda.bpm.admin.impl.web.AdminApplication
08-Dec-2020 09:33:11.940 INFO [http-nio-8080-exec-7] org.jboss.resteasy.spi.ResteasyDeployment.processApplication RESTEASY002205: Adding provider class org.camunda.bpm.engine.rest.exception.JsonMappingExceptionHandler from Application class org.camunda.bpm.webapp.impl.engine.EngineRestApplication
08-Dec-2020 09:33:11.941 INFO [http-nio-8080-exec-7] org.jboss.resteasy.spi.ResteasyDeployment.processApplication RESTEASY002205: Adding provider class org.camunda.bpm.engine.rest.mapper.MultipartPayloadProvider from Application class org.camunda.bpm.webapp.impl.engine.EngineRestApplication
08-Dec-2020 09:33:11.942 INFO [http-nio-8080-exec-7] org.jboss.resteasy.spi.ResteasyDeployment.processApplication RESTEASY002205: Adding provider class org.camunda.bpm.engine.rest.exception.JsonParseExceptionHandler from Application class org.camunda.bpm.webapp.impl.engine.EngineRestApplication
08-Dec-2020 09:33:11.943 INFO [http-nio-8080-exec-7] org.jboss.resteasy.spi.ResteasyDeployment.processApplication RESTEASY002205: Adding provider class org.camunda.bpm.engine.rest.mapper.JacksonConfigurator from Application class org.camunda.bpm.webapp.impl.engine.EngineRestApplication
08-Dec-2020 09:33:11.944 INFO [http-nio-8080-exec-7] org.jboss.resteasy.spi.ResteasyDeployment.processApplication RESTEASY002205: Adding provider class com.fasterxml.jackson.jaxrs.json.JacksonJsonProvider from Application class org.camunda.bpm.webapp.impl.engine.EngineRestApplication
08-Dec-2020 09:33:11.945 INFO [http-nio-8080-exec-7] org.jboss.resteasy.spi.ResteasyDeployment.processApplication RESTEASY002205: Adding provider class org.camunda.bpm.engine.rest.exception.RestExceptionHandler from Application class org.camunda.bpm.webapp.impl.engine.EngineRestApplication
08-Dec-2020 09:33:11.946 INFO [http-nio-8080-exec-7] org.jboss.resteasy.spi.ResteasyDeployment.processApplication RESTEASY002205: Adding provider class org.camunda.bpm.engine.rest.exception.ProcessEngineExceptionHandler from Application class org.camunda.bpm.webapp.impl.engine.EngineRestApplication
08-Dec-2020 09:33:11.949 INFO [http-nio-8080-exec-7] org.jboss.resteasy.spi.ResteasyDeployment.processApplication RESTEASY002205: Adding provider class org.camunda.bpm.engine.rest.exception.ExceptionHandler from Application class org.camunda.bpm.webapp.impl.engine.EngineRestApplication
08-Dec-2020 09:33:11.950 INFO [http-nio-8080-exec-7] org.jboss.resteasy.spi.ResteasyDeployment.processApplication RESTEASY002200: Adding class resource org.camunda.bpm.engine.rest.impl.NamedProcessEngineRestServiceImpl from Application class org.camunda.bpm.webapp.impl.engine.EngineRestApplication
08-Dec-2020 09:33:11.952 INFO [http-nio-8080-exec-7] org.jboss.resteasy.spi.ResteasyDeployment.processApplication RESTEASY002205: Adding provider class org.camunda.bpm.engine.rest.hal.JacksonHalJsonProvider from Application class org.camunda.bpm.webapp.impl.engine.EngineRestApplication
08-Dec-2020 09:33:11.987 INFO [http-nio-8080-exec-8] org.jboss.resteasy.spi.ResteasyDeployment.processApplication RESTEASY002205: Adding provider class org.camunda.bpm.engine.rest.mapper.JacksonConfigurator from Application class org.camunda.bpm.admin.impl.web.AdminApplication
08-Dec-2020 09:33:11.991 INFO [http-nio-8080-exec-8] org.jboss.resteasy.spi.ResteasyDeployment.processApplication RESTEASY002205: Adding provider class com.fasterxml.jackson.jaxrs.json.JacksonJsonProvider from Application class org.camunda.bpm.admin.impl.web.AdminApplication
08-Dec-2020 09:33:11.993 INFO [http-nio-8080-exec-8] org.jboss.resteasy.spi.ResteasyDeployment.processApplication RESTEASY002205: Adding provider class org.camunda.bpm.engine.rest.exception.RestExceptionHandler from Application class org.camunda.bpm.admin.impl.web.AdminApplication
08-Dec-2020 09:33:11.995 INFO [http-nio-8080-exec-8] org.jboss.resteasy.spi.ResteasyDeployment.processApplication RESTEASY002200: Adding class resource org.camunda.bpm.admin.impl.web.SetupResource from Application class org.camunda.bpm.admin.impl.web.AdminApplication
08-Dec-2020 09:33:11.997 INFO [http-nio-8080-exec-8] org.jboss.resteasy.spi.ResteasyDeployment.processApplication RESTEASY002205: Adding provider class org.camunda.bpm.engine.rest.exception.ExceptionHandler from Application class org.camunda.bpm.admin.impl.web.AdminApplication
08-Dec-2020 09:33:11.998 INFO [http-nio-8080-exec-8] org.jboss.resteasy.spi.ResteasyDeployment.processApplication RESTEASY002200: Adding class resource org.camunda.bpm.webapp.impl.security.auth.UserAuthenticationResource from Application class org.camunda.bpm.admin.impl.web.AdminApplication
08-Dec-2020 09:33:11.999 INFO [http-nio-8080-exec-8] org.jboss.resteasy.spi.ResteasyDeployment.processApplication RESTEASY002200: Adding class resource org.camunda.bpm.admin.impl.plugin.resources.AdminPluginsRootResource from Application class org.camunda.bpm.admin.impl.web.AdminApplication
08-Dec-2020 09:33:12.002 INFO [http-nio-8080-exec-8] org.jboss.resteasy.spi.ResteasyDeployment.processApplication RESTEASY002200: Adding class resource org.camunda.bpm.admin.impl.plugin.resources.BaseRootResource from Application class org.camunda.bpm.admin.impl.web.AdminApplication
08-Dec-2020 09:37:38.692 INFO [http-nio-8080-exec-8] org.jboss.resteasy.spi.ResteasyDeployment.processApplication RESTEASY002225: Deploying javax.ws.rs.core.Application: class org.camunda.bpm.engine.rest.impl.application.DefaultApplication
08-Dec-2020 09:37:38.771 INFO [http-nio-8080-exec-8] org.jboss.resteasy.spi.ResteasyDeployment.processApplication RESTEASY002200: Adding class resource org.camunda.bpm.engine.rest.impl.JaxRsTwoDefaultProcessEngineRestServiceImpl from Application class org.camunda.bpm.engine.rest.impl.application.DefaultApplication
08-Dec-2020 09:37:38.772 INFO [http-nio-8080-exec-8] org.jboss.resteasy.spi.ResteasyDeployment.processApplication RESTEASY002205: Adding provider class org.camunda.bpm.engine.rest.mapper.MultipartPayloadProvider from Application class org.camunda.bpm.engine.rest.impl.application.DefaultApplication
08-Dec-2020 09:37:38.772 INFO [http-nio-8080-exec-8] org.jboss.resteasy.spi.ResteasyDeployment.processApplication RESTEASY002200: Adding class resource org.camunda.bpm.engine.rest.impl.JaxRsTwoNamedProcessEngineRestServiceImpl from Application class org.camunda.bpm.engine.rest.impl.application.DefaultApplication
08-Dec-2020 09:37:38.772 INFO [http-nio-8080-exec-8] org.jboss.resteasy.spi.ResteasyDeployment.processApplication RESTEASY002205: Adding provider class org.camunda.bpm.engine.rest.exception.JsonMappingExceptionHandler from Application class org.camunda.bpm.engine.rest.impl.application.DefaultApplication
08-Dec-2020 09:37:38.772 INFO [http-nio-8080-exec-8] org.jboss.resteasy.spi.ResteasyDeployment.processApplication RESTEASY002205: Adding provider class org.camunda.bpm.engine.rest.exception.JsonParseExceptionHandler from Application class org.camunda.bpm.engine.rest.impl.application.DefaultApplication
08-Dec-2020 09:37:38.772 INFO [http-nio-8080-exec-8] org.jboss.resteasy.spi.ResteasyDeployment.processApplication RESTEASY002205: Adding provider class org.camunda.bpm.engine.rest.exception.ProcessEngineExceptionHandler from Application class org.camunda.bpm.engine.rest.impl.application.DefaultApplication
08-Dec-2020 09:37:38.775 INFO [http-nio-8080-exec-8] org.jboss.resteasy.spi.ResteasyDeployment.processApplication RESTEASY002205: Adding provider class org.camunda.bpm.engine.rest.hal.JacksonHalJsonProvider from Application class org.camunda.bpm.engine.rest.impl.application.DefaultApplication
08-Dec-2020 09:37:38.777 INFO [http-nio-8080-exec-8] org.jboss.resteasy.spi.ResteasyDeployment.processApplication RESTEASY002205: Adding provider class org.camunda.bpm.engine.rest.mapper.JacksonConfigurator from Application class org.camunda.bpm.engine.rest.impl.application.DefaultApplication
08-Dec-2020 09:37:38.785 INFO [http-nio-8080-exec-8] org.jboss.resteasy.spi.ResteasyDeployment.processApplication RESTEASY002205: Adding provider class org.camunda.bpm.engine.rest.exception.ExceptionHandler from Application class org.camunda.bpm.engine.rest.impl.application.DefaultApplication
08-Dec-2020 09:37:38.786 INFO [http-nio-8080-exec-8] org.jboss.resteasy.spi.ResteasyDeployment.processApplication RESTEASY002205: Adding provider class com.fasterxml.jackson.jaxrs.json.JacksonJsonProvider from Application class org.camunda.bpm.engine.rest.impl.application.DefaultApplication
08-Dec-2020 09:37:38.787 INFO [http-nio-8080-exec-8] org.jboss.resteasy.spi.ResteasyDeployment.processApplication RESTEASY002205: Adding provider class org.camunda.bpm.engine.rest.exception.RestExceptionHandler from Application class org.camunda.bpm.engine.rest.impl.application.DefaultApplication
08-Dec-2020 09:40:38.786 INFO [http-nio-8080-exec-3] org.jboss.resteasy.spi.ResteasyDeployment.processApplication RESTEASY002225: Deploying javax.ws.rs.core.Application: class org.camunda.bpm.cockpit.impl.web.CockpitApplication
08-Dec-2020 09:40:38.814 INFO [http-nio-8080-exec-3] org.jboss.resteasy.spi.ResteasyDeployment.processApplication RESTEASY002205: Adding provider class org.camunda.bpm.engine.rest.mapper.JacksonConfigurator from Application class org.camunda.bpm.cockpit.impl.web.CockpitApplication
08-Dec-2020 09:40:38.816 INFO [http-nio-8080-exec-3] org.jboss.resteasy.spi.ResteasyDeployment.processApplication RESTEASY002205: Adding provider class com.fasterxml.jackson.jaxrs.json.JacksonJsonProvider from Application class org.camunda.bpm.cockpit.impl.web.CockpitApplication
08-Dec-2020 09:40:38.817 INFO [http-nio-8080-exec-3] org.jboss.resteasy.spi.ResteasyDeployment.processApplication RESTEASY002205: Adding provider class org.camunda.bpm.engine.rest.exception.RestExceptionHandler from Application class org.camunda.bpm.cockpit.impl.web.CockpitApplication
08-Dec-2020 09:40:38.819 INFO [http-nio-8080-exec-3] org.jboss.resteasy.spi.ResteasyDeployment.processApplication RESTEASY002200: Adding class resource org.camunda.bpm.cockpit.impl.plugin.resources.BaseRootResource from Application class org.camunda.bpm.cockpit.impl.web.CockpitApplication
08-Dec-2020 09:40:38.820 INFO [http-nio-8080-exec-3] org.jboss.resteasy.spi.ResteasyDeployment.processApplication RESTEASY002205: Adding provider class org.camunda.bpm.engine.rest.exception.ExceptionHandler from Application class org.camunda.bpm.cockpit.impl.web.CockpitApplication
08-Dec-2020 09:40:38.822 INFO [http-nio-8080-exec-3] org.jboss.resteasy.spi.ResteasyDeployment.processApplication RESTEASY002200: Adding class resource org.camunda.bpm.cockpit.impl.plugin.resources.CockpitPluginsRootResource from Application class org.camunda.bpm.cockpit.impl.web.CockpitApplication
08-Dec-2020 09:42:50.900 SEVERE [http-nio-8080-exec-3] org.camunda.commons.logging.BaseLogger.logError ENGINE-16004 Exception while closing command context: no deployed process definition found with id 'invoice:1:c488cd5d-389e-11eb-a417-0242ac180002': processDefinition is null
	org.camunda.bpm.engine.exception.NullValueException: no deployed process definition found with id 'invoice:1:c488cd5d-389e-11eb-a417-0242ac180002': processDefinition is null
		at java.base/jdk.internal.reflect.NativeConstructorAccessorImpl.newInstance0(Native Method)
		at java.base/jdk.internal.reflect.NativeConstructorAccessorImpl.newInstance(NativeConstructorAccessorImpl.java:62)
		at java.base/jdk.internal.reflect.DelegatingConstructorAccessorImpl.newInstance(DelegatingConstructorAccessorImpl.java:45)
		at java.base/java.lang.reflect.Constructor.newInstance(Constructor.java:490)
		at org.camunda.bpm.engine.impl.util.EnsureUtil.generateException(EnsureUtil.java:394)
		at org.camunda.bpm.engine.impl.util.EnsureUtil.ensureNotNull(EnsureUtil.java:55)
		at org.camunda.bpm.engine.impl.util.EnsureUtil.ensureNotNull(EnsureUtil.java:50)
		at org.camunda.bpm.engine.impl.persistence.deploy.cache.ProcessDefinitionCache.checkDefinitionFound(ProcessDefinitionCache.java:47)
		at org.camunda.bpm.engine.impl.persistence.deploy.cache.ProcessDefinitionCache.checkDefinitionFound(ProcessDefinitionCache.java:28)
		at org.camunda.bpm.engine.impl.persistence.deploy.cache.ResourceDefinitionCache.findDeployedDefinitionById(ResourceDefinitionCache.java:55)
		at org.camunda.bpm.engine.impl.persistence.deploy.cache.DeploymentCache.findDeployedProcessDefinitionById(DeploymentCache.java:77)
		at org.camunda.bpm.engine.impl.cmd.GetDeployedProcessDefinitionCmd.findById(GetDeployedProcessDefinitionCmd.java:79)
		at org.camunda.bpm.engine.impl.cmd.GetDeployedProcessDefinitionCmd.find(GetDeployedProcessDefinitionCmd.java:71)
		at org.camunda.bpm.engine.impl.cmd.GetDeployedProcessDefinitionCmd.execute(GetDeployedProcessDefinitionCmd.java:56)
		at org.camunda.bpm.engine.impl.cmd.GetDeployedProcessDefinitionCmd.execute(GetDeployedProcessDefinitionCmd.java:28)
		at org.camunda.bpm.engine.impl.interceptor.CommandExecutorImpl.execute(CommandExecutorImpl.java:28)
		at org.camunda.bpm.engine.impl.interceptor.CommandContextInterceptor.execute(CommandContextInterceptor.java:110)
		at org.camunda.bpm.engine.impl.interceptor.ProcessApplicationContextInterceptor.execute(ProcessApplicationContextInterceptor.java:70)
		at org.camunda.bpm.engine.impl.interceptor.CommandCounterInterceptor.execute(CommandCounterInterceptor.java:35)
		at org.camunda.bpm.engine.impl.interceptor.LogInterceptor.execute(LogInterceptor.java:33)
		at org.camunda.bpm.engine.impl.RepositoryServiceImpl.getProcessDefinition(RepositoryServiceImpl.java:204)
		at org.camunda.bpm.engine.rest.sub.repository.impl.ProcessDefinitionResourceImpl.getProcessDefinition(ProcessDefinitionResourceImpl.java:98)
		at java.base/jdk.internal.reflect.NativeMethodAccessorImpl.invoke0(Native Method)
		at java.base/jdk.internal.reflect.NativeMethodAccessorImpl.invoke(NativeMethodAccessorImpl.java:62)
		at java.base/jdk.internal.reflect.DelegatingMethodAccessorImpl.invoke(DelegatingMethodAccessorImpl.java:43)
		at java.base/java.lang.reflect.Method.invoke(Method.java:566)
		at org.jboss.resteasy.core.MethodInjectorImpl.invoke(MethodInjectorImpl.java:138)
		at org.jboss.resteasy.core.ResourceMethodInvoker.internalInvokeOnTarget(ResourceMethodInvoker.java:526)
		at org.jboss.resteasy.core.ResourceMethodInvoker.invokeOnTargetAfterFilter(ResourceMethodInvoker.java:415)
		at org.jboss.resteasy.core.ResourceMethodInvoker.lambda$invokeOnTarget$0(ResourceMethodInvoker.java:376)
		at org.jboss.resteasy.core.interception.PreMatchContainerRequestContext.filter(PreMatchContainerRequestContext.java:356)
		at org.jboss.resteasy.core.ResourceMethodInvoker.invokeOnTarget(ResourceMethodInvoker.java:378)
		at org.jboss.resteasy.core.ResourceMethodInvoker.invoke(ResourceMethodInvoker.java:347)
		at org.jboss.resteasy.core.ResourceLocatorInvoker.invokeOnTargetObject(ResourceLocatorInvoker.java:150)
		at org.jboss.resteasy.core.ResourceLocatorInvoker.invoke(ResourceLocatorInvoker.java:110)
		at org.jboss.resteasy.core.ResourceLocatorInvoker.invokeOnTargetObject(ResourceLocatorInvoker.java:141)
		at org.jboss.resteasy.core.ResourceLocatorInvoker.invoke(ResourceLocatorInvoker.java:104)
		at org.jboss.resteasy.core.SynchronousDispatcher.invoke(SynchronousDispatcher.java:440)
		at org.jboss.resteasy.core.SynchronousDispatcher.lambda$invoke$4(SynchronousDispatcher.java:229)
		at org.jboss.resteasy.core.SynchronousDispatcher.lambda$preprocess$0(SynchronousDispatcher.java:135)
		at org.jboss.resteasy.core.interception.PreMatchContainerRequestContext.filter(PreMatchContainerRequestContext.java:356)
		at org.jboss.resteasy.core.SynchronousDispatcher.preprocess(SynchronousDispatcher.java:138)
		at org.jboss.resteasy.core.SynchronousDispatcher.invoke(SynchronousDispatcher.java:215)
		at org.jboss.resteasy.plugins.server.servlet.ServletContainerDispatcher.service(ServletContainerDispatcher.java:227)
		at org.jboss.resteasy.plugins.server.servlet.HttpServletDispatcher.service(HttpServletDispatcher.java:56)
		at org.jboss.resteasy.plugins.server.servlet.HttpServletDispatcher.service(HttpServletDispatcher.java:51)
		at javax.servlet.http.HttpServlet.service(HttpServlet.java:741)
		at org.apache.catalina.core.ApplicationFilterChain.internalDoFilter(ApplicationFilterChain.java:231)
		at org.apache.catalina.core.ApplicationFilterChain.doFilter(ApplicationFilterChain.java:166)
		at org.apache.tomcat.websocket.server.WsFilter.doFilter(WsFilter.java:53)
		at org.apache.catalina.core.ApplicationFilterChain.internalDoFilter(ApplicationFilterChain.java:193)
		at org.apache.catalina.core.ApplicationFilterChain.doFilter(ApplicationFilterChain.java:166)
		at org.camunda.bpm.engine.rest.filter.CacheControlFilter.doFilter(CacheControlFilter.java:45)
		at org.apache.catalina.core.ApplicationFilterChain.internalDoFilter(ApplicationFilterChain.java:193)
		at org.apache.catalina.core.ApplicationFilterChain.doFilter(ApplicationFilterChain.java:166)
		at org.camunda.bpm.engine.rest.filter.EmptyBodyFilter.doFilter(EmptyBodyFilter.java:101)
		at org.apache.catalina.core.ApplicationFilterChain.internalDoFilter(ApplicationFilterChain.java:193)
		at org.apache.catalina.core.ApplicationFilterChain.doFilter(ApplicationFilterChain.java:166)
		at org.camunda.bpm.webapp.impl.security.filter.headersec.HttpHeaderSecurityFilter.doFilter(HttpHeaderSecurityFilter.java:89)
		at org.apache.catalina.core.ApplicationFilterChain.internalDoFilter(ApplicationFilterChain.java:193)
		at org.apache.catalina.core.ApplicationFilterChain.doFilter(ApplicationFilterChain.java:166)
		at org.camunda.bpm.webapp.impl.security.filter.CsrfPreventionFilter.doFilter(CsrfPreventionFilter.java:177)
		at org.apache.catalina.core.ApplicationFilterChain.internalDoFilter(ApplicationFilterChain.java:193)
		at org.apache.catalina.core.ApplicationFilterChain.doFilter(ApplicationFilterChain.java:166)
		at org.camunda.bpm.webapp.impl.security.filter.SecurityFilter.doFilterSecure(SecurityFilter.java:73)
		at org.camunda.bpm.webapp.impl.security.filter.SecurityFilter.doFilter(SecurityFilter.java:57)
		at org.apache.catalina.core.ApplicationFilterChain.internalDoFilter(ApplicationFilterChain.java:193)
		at org.apache.catalina.core.ApplicationFilterChain.doFilter(ApplicationFilterChain.java:166)
		at org.camunda.bpm.webapp.impl.security.auth.AuthenticationFilter$1.execute(AuthenticationFilter.java:62)
		at org.camunda.bpm.webapp.impl.security.auth.AuthenticationFilter$1.execute(AuthenticationFilter.java:60)
		at org.camunda.bpm.webapp.impl.security.SecurityActions.runWithAuthentications(SecurityActions.java:44)
		at org.camunda.bpm.webapp.impl.security.auth.AuthenticationFilter.doFilter(AuthenticationFilter.java:60)
		at org.apache.catalina.core.ApplicationFilterChain.internalDoFilter(ApplicationFilterChain.java:193)
		at org.apache.catalina.core.ApplicationFilterChain.doFilter(ApplicationFilterChain.java:166)
		at org.apache.catalina.core.StandardWrapperValve.invoke(StandardWrapperValve.java:202)
		at org.apache.catalina.core.StandardContextValve.invoke(StandardContextValve.java:96)
		at org.apache.catalina.authenticator.AuthenticatorBase.invoke(AuthenticatorBase.java:541)
		at org.apache.catalina.core.StandardHostValve.invoke(StandardHostValve.java:139)
		at org.apache.catalina.valves.ErrorReportValve.invoke(ErrorReportValve.java:92)
		at org.apache.catalina.valves.AbstractAccessLogValve.invoke(AbstractAccessLogValve.java:690)
		at org.apache.catalina.core.StandardEngineValve.invoke(StandardEngineValve.java:74)
		at org.apache.catalina.connector.CoyoteAdapter.service(CoyoteAdapter.java:343)
		at org.apache.coyote.http11.Http11Processor.service(Http11Processor.java:373)
		at org.apache.coyote.AbstractProcessorLight.process(AbstractProcessorLight.java:65)
		at org.apache.coyote.AbstractProtocol$ConnectionHandler.process(AbstractProtocol.java:868)
		at org.apache.tomcat.util.net.NioEndpoint$SocketProcessor.doRun(NioEndpoint.java:1590)
		at org.apache.tomcat.util.net.SocketProcessorBase.run(SocketProcessorBase.java:49)
		at java.base/java.util.concurrent.ThreadPoolExecutor.runWorker(ThreadPoolExecutor.java:1128)
		at java.base/java.util.concurrent.ThreadPoolExecutor$Worker.run(ThreadPoolExecutor.java:628)
		at org.apache.tomcat.util.threads.TaskThread$WrappingRunnable.run(TaskThread.java:61)
		at java.base/java.lang.Thread.run(Thread.java:834)
08-Dec-2020 10:20:48.827 INFO [Thread-7] org.camunda.commons.logging.BaseLogger.logInfo ENGINE-14015 Shutting down the JobExecutor[org.camunda.bpm.engine.impl.jobexecutor.RuntimeContainerJobExecutor]
08-Dec-2020 10:20:48.828 INFO [20] org.camunda.commons.logging.BaseLogger.logInfo ENGINE-14020 JobExecutor[org.camunda.bpm.engine.impl.jobexecutor.RuntimeContainerJobExecutor] stopped job acquisition
08-Dec-2020 10:20:48.859 INFO [Thread-7] org.camunda.commons.logging.BaseLogger.logInfo ENGINE-08051 Process application camunda-invoice undeployed
08-Dec-2020 10:20:48.875 INFO [Thread-7] org.camunda.commons.logging.BaseLogger.logInfo ENGINE-00007 Process Engine default closed
08-Dec-2020 10:20:48.882 INFO [Thread-7] org.camunda.commons.logging.BaseLogger.logInfo ENGINE-08049 Camunda BPM platform stopped at 'Apache Tomcat/9.0.36'
08-Dec-2020 10:20:48.891 INFO [Thread-7] org.apache.coyote.AbstractProtocol.pause Pausing ProtocolHandler ["http-nio-8080"]
08-Dec-2020 10:20:48.899 INFO [Thread-7] org.apache.catalina.core.StandardService.stopInternal Stopping service [Catalina]
08-Dec-2020 10:20:49.051 WARNING [Thread-7] org.camunda.commons.logging.BaseLogger.logWarn ENGINE-07017 Calling undeploy() on process application that is not deployed.
08-Dec-2020 10:20:49.323 INFO [Thread-7] org.apache.coyote.AbstractProtocol.stop Stopping ProtocolHandler ["http-nio-8080"]
08-Dec-2020 10:20:49.330 INFO [Thread-7] org.apache.coyote.AbstractProtocol.destroy Destroying ProtocolHandler ["http-nio-8080"]
