11-Dec-2020 10:23:44.934 INFO [Thread-7] org.camunda.commons.logging.BaseLogger.logInfo ENGINE-14015 Shutting down the JobExecutor[org.camunda.bpm.engine.impl.jobexecutor.RuntimeContainerJobExecutor]
11-Dec-2020 10:23:44.941 INFO [20] org.camunda.commons.logging.BaseLogger.logInfo ENGINE-14020 JobExecutor[org.camunda.bpm.engine.impl.jobexecutor.RuntimeContainerJobExecutor] stopped job acquisition
11-Dec-2020 10:23:45.098 INFO [Thread-7] org.camunda.commons.logging.BaseLogger.logInfo ENGINE-08051 Process application camunda-invoice undeployed
11-Dec-2020 10:23:45.114 INFO [Thread-7] org.camunda.commons.logging.BaseLogger.logInfo ENGINE-00007 Process Engine default closed
11-Dec-2020 10:23:45.115 INFO [Thread-7] org.camunda.commons.logging.BaseLogger.logInfo ENGINE-08049 Camunda BPM platform stopped at 'Apache Tomcat/9.0.36'
11-Dec-2020 10:23:45.119 INFO [Thread-7] org.apache.coyote.AbstractProtocol.pause Pausing ProtocolHandler ["http-nio-8080"]
11-Dec-2020 10:23:45.121 INFO [Thread-7] org.apache.catalina.core.StandardService.stopInternal Stopping service [Catalina]
11-Dec-2020 10:23:45.867 WARNING [Thread-7] org.camunda.commons.logging.BaseLogger.logWarn ENGINE-07017 Calling undeploy() on process application that is not deployed.
11-Dec-2020 10:23:46.717 INFO [Thread-7] org.apache.coyote.AbstractProtocol.stop Stopping ProtocolHandler ["http-nio-8080"]
11-Dec-2020 10:23:46.784 INFO [Thread-7] org.apache.coyote.AbstractProtocol.destroy Destroying ProtocolHandler ["http-nio-8080"]
11-Dec-2020 11:00:29.302 INFO [main] org.apache.catalina.startup.VersionLoggerListener.log Server version name:   Apache Tomcat/9.0.36
11-Dec-2020 11:00:29.311 INFO [main] org.apache.catalina.startup.VersionLoggerListener.log Server built:          Jun 3 2020 17:07:09 UTC
11-Dec-2020 11:00:29.313 INFO [main] org.apache.catalina.startup.VersionLoggerListener.log Server version number: 9.0.36.0
11-Dec-2020 11:00:29.313 INFO [main] org.apache.catalina.startup.VersionLoggerListener.log OS Name:               Linux
11-Dec-2020 11:00:29.314 INFO [main] org.apache.catalina.startup.VersionLoggerListener.log OS Version:            5.4.39-linuxkit
11-Dec-2020 11:00:29.315 INFO [main] org.apache.catalina.startup.VersionLoggerListener.log Architecture:          amd64
11-Dec-2020 11:00:29.316 INFO [main] org.apache.catalina.startup.VersionLoggerListener.log Java Home:             /usr/lib/jvm/java-11-openjdk
11-Dec-2020 11:00:29.317 INFO [main] org.apache.catalina.startup.VersionLoggerListener.log JVM Version:           11.0.4+4-alpine-r1
11-Dec-2020 11:00:29.318 INFO [main] org.apache.catalina.startup.VersionLoggerListener.log JVM Vendor:            Alpine
11-Dec-2020 11:00:29.319 INFO [main] org.apache.catalina.startup.VersionLoggerListener.log CATALINA_BASE:         /camunda
11-Dec-2020 11:00:29.322 INFO [main] org.apache.catalina.startup.VersionLoggerListener.log CATALINA_HOME:         /camunda
11-Dec-2020 11:00:29.372 INFO [main] org.apache.catalina.startup.VersionLoggerListener.log Command line argument: --add-opens=java.base/java.lang=ALL-UNNAMED
11-Dec-2020 11:00:29.373 INFO [main] org.apache.catalina.startup.VersionLoggerListener.log Command line argument: --add-opens=java.base/java.io=ALL-UNNAMED
11-Dec-2020 11:00:29.373 INFO [main] org.apache.catalina.startup.VersionLoggerListener.log Command line argument: --add-opens=java.rmi/sun.rmi.transport=ALL-UNNAMED
11-Dec-2020 11:00:29.374 INFO [main] org.apache.catalina.startup.VersionLoggerListener.log Command line argument: --add-opens=java.base/java.lang=ALL-UNNAMED
11-Dec-2020 11:00:29.374 INFO [main] org.apache.catalina.startup.VersionLoggerListener.log Command line argument: --add-opens=java.base/java.io=ALL-UNNAMED
11-Dec-2020 11:00:29.375 INFO [main] org.apache.catalina.startup.VersionLoggerListener.log Command line argument: --add-opens=java.rmi/sun.rmi.transport=ALL-UNNAMED
11-Dec-2020 11:00:29.376 INFO [main] org.apache.catalina.startup.VersionLoggerListener.log Command line argument: -Djava.util.logging.config.file=/camunda/conf/logging.properties
11-Dec-2020 11:00:29.376 INFO [main] org.apache.catalina.startup.VersionLoggerListener.log Command line argument: -Djava.util.logging.manager=org.apache.juli.ClassLoaderLogManager
11-Dec-2020 11:00:29.377 INFO [main] org.apache.catalina.startup.VersionLoggerListener.log Command line argument: -Xmx768m
11-Dec-2020 11:00:29.387 INFO [main] org.apache.catalina.startup.VersionLoggerListener.log Command line argument: -XX:MaxMetaspaceSize=256m
11-Dec-2020 11:00:29.387 INFO [main] org.apache.catalina.startup.VersionLoggerListener.log Command line argument: -Djdk.tls.ephemeralDHKeySize=2048
11-Dec-2020 11:00:29.388 INFO [main] org.apache.catalina.startup.VersionLoggerListener.log Command line argument: -Djava.protocol.handler.pkgs=org.apache.catalina.webresources
11-Dec-2020 11:00:29.388 INFO [main] org.apache.catalina.startup.VersionLoggerListener.log Command line argument: -Dorg.apache.catalina.security.SecurityListener.UMASK=0027
11-Dec-2020 11:00:29.393 INFO [main] org.apache.catalina.startup.VersionLoggerListener.log Command line argument: -Dignore.endorsed.dirs=
11-Dec-2020 11:00:29.395 INFO [main] org.apache.catalina.startup.VersionLoggerListener.log Command line argument: -Dcatalina.base=/camunda
11-Dec-2020 11:00:29.404 INFO [main] org.apache.catalina.startup.VersionLoggerListener.log Command line argument: -Dcatalina.home=/camunda
11-Dec-2020 11:00:29.404 INFO [main] org.apache.catalina.startup.VersionLoggerListener.log Command line argument: -Djava.io.tmpdir=/camunda/temp
11-Dec-2020 11:00:29.405 INFO [main] org.apache.catalina.core.AprLifecycleListener.lifecycleEvent The Apache Tomcat Native library which allows using OpenSSL was not found on the java.library.path: [/usr/lib/jvm/java-11-openjdk/lib/server:/usr/lib/jvm/java-11-openjdk/lib:/usr/lib/jvm/java-11-openjdk/../lib:/usr/java/packages/lib:/usr/lib64:/lib64:/lib:/usr/lib]
11-Dec-2020 11:00:30.517 INFO [main] org.apache.coyote.AbstractProtocol.init Initializing ProtocolHandler ["http-nio-8080"]
11-Dec-2020 11:00:30.637 INFO [main] org.apache.catalina.startup.Catalina.load Server initialization in [2,398] milliseconds
11-Dec-2020 11:00:32.368 INFO [main] org.camunda.commons.logging.BaseLogger.logInfo ENGINE-08046 Found camunda bpm platform configuration in CATALINA_BASE/CATALINA_HOME conf directory [/camunda/conf/bpm-platform.xml] at 'file:/camunda/conf/bpm-platform.xml'
11-Dec-2020 11:00:33.189 INFO [main] org.camunda.commons.logging.BaseLogger.logInfo ENGINE-12003 Plugin 'ProcessApplicationEventListenerPlugin' activated on process engine 'default'
11-Dec-2020 11:00:33.236 INFO [main] org.camunda.commons.logging.BaseLogger.logInfo ENGINE-12003 Plugin 'SpinProcessEnginePlugin' activated on process engine 'default'
11-Dec-2020 11:00:33.263 INFO [main] org.camunda.commons.logging.BaseLogger.logInfo SPIN-01010 Discovered Spin data format provider: org.camunda.spin.impl.json.jackson.format.JacksonJsonDataFormatProvider[name = application/json]
11-Dec-2020 11:00:34.101 INFO [main] org.camunda.commons.logging.BaseLogger.logInfo SPIN-01010 Discovered Spin data format provider: org.camunda.spin.impl.xml.dom.format.DomXmlDataFormatProvider[name = application/xml]
11-Dec-2020 11:00:34.165 INFO [main] org.camunda.commons.logging.BaseLogger.logInfo SPIN-01009 Discovered Spin data format: org.camunda.spin.impl.xml.dom.format.DomXmlDataFormat[name = application/xml]
11-Dec-2020 11:00:34.165 INFO [main] org.camunda.commons.logging.BaseLogger.logInfo SPIN-01009 Discovered Spin data format: org.camunda.spin.impl.json.jackson.format.JacksonJsonDataFormat[name = application/json]
11-Dec-2020 11:00:34.166 INFO [main] org.camunda.commons.logging.BaseLogger.logInfo ENGINE-12003 Plugin 'ConnectProcessEnginePlugin' activated on process engine 'default'
11-Dec-2020 11:00:35.052 INFO [main] org.camunda.commons.logging.BaseLogger.logInfo CNCT-01004 Discovered provider for connector id 'http-connector' and class 'org.camunda.connect.httpclient.impl.HttpConnectorImpl': 'org.camunda.connect.httpclient.impl.HttpConnectorProviderImpl'
11-Dec-2020 11:00:35.080 INFO [main] org.camunda.commons.logging.BaseLogger.logInfo CNCT-01004 Discovered provider for connector id 'soap-http-connector' and class 'org.camunda.connect.httpclient.soap.impl.SoapHttpConnectorImpl': 'org.camunda.connect.httpclient.soap.impl.SoapHttpConnectorProviderImpl'
11-Dec-2020 11:00:35.879 INFO [main] org.camunda.commons.logging.BaseLogger.logInfo FEEL/SCALA-01001 Spin value mapper detected
11-Dec-2020 11:00:36.495 INFO [main] org.camunda.feel.FeelEngine.<init> Engine created. [value-mapper: CompositeValueMapper(List(org.camunda.feel.impl.JavaValueMapper@5bc28f40, org.camunda.spin.plugin.impl.feel.integration.SpinValueMapper@46963479)), function-provider: org.camunda.bpm.dmn.feel.impl.scala.function.CustomFunctionTransformer@4745e9c, clock: SystemClock, configuration: Configuration(false)]
11-Dec-2020 11:00:45.231 INFO [main] org.camunda.commons.logging.BaseLogger.logInfo ENGINE-00001 Process Engine default created.
11-Dec-2020 11:00:45.236 INFO [main] org.camunda.commons.logging.BaseLogger.logInfo ENGINE-14014 Starting up the JobExecutor[org.camunda.bpm.engine.impl.jobexecutor.RuntimeContainerJobExecutor].
11-Dec-2020 11:00:45.245 INFO [Thread-5] org.camunda.commons.logging.BaseLogger.logInfo ENGINE-14018 JobExecutor[org.camunda.bpm.engine.impl.jobexecutor.RuntimeContainerJobExecutor] starting to acquire jobs
11-Dec-2020 11:00:45.245 INFO [main] org.camunda.commons.logging.BaseLogger.logInfo ENGINE-08048 Camunda BPM platform sucessfully started at 'Apache Tomcat/9.0.36'.
11-Dec-2020 11:00:45.363 INFO [main] org.apache.catalina.core.StandardService.startInternal Starting service [Catalina]
11-Dec-2020 11:00:45.364 INFO [main] org.apache.catalina.core.StandardEngine.startInternal Starting Servlet engine: [Apache Tomcat/9.0.36]
11-Dec-2020 11:00:45.433 INFO [main] org.apache.catalina.startup.HostConfig.deployDirectory Deploying web application directory [/camunda/webapps/ROOT]
11-Dec-2020 11:01:07.895 INFO [main] org.apache.jasper.servlet.TldScanner.scanJars At least one JAR was scanned for TLDs yet contained no TLDs. Enable debug logging for this logger for a complete list of JARs that were scanned but no TLDs were found in them. Skipping unneeded JARs during scanning can improve startup time and JSP compilation time.
11-Dec-2020 11:01:08.106 INFO [main] org.apache.catalina.startup.HostConfig.deployDirectory Deployment of web application directory [/camunda/webapps/ROOT] has finished in [22,670] ms
11-Dec-2020 11:01:08.110 INFO [main] org.apache.catalina.startup.HostConfig.deployDirectory Deploying web application directory [/camunda/webapps/camunda]
11-Dec-2020 11:01:30.453 INFO [main] org.apache.jasper.servlet.TldScanner.scanJars At least one JAR was scanned for TLDs yet contained no TLDs. Enable debug logging for this logger for a complete list of JARs that were scanned but no TLDs were found in them. Skipping unneeded JARs during scanning can improve startup time and JSP compilation time.
11-Dec-2020 11:01:34.801 INFO [main] org.apache.catalina.startup.HostConfig.deployDirectory Deployment of web application directory [/camunda/webapps/camunda] has finished in [26,692] ms
11-Dec-2020 11:01:34.804 INFO [main] org.apache.catalina.startup.HostConfig.deployDirectory Deploying web application directory [/camunda/webapps/camunda-invoice]
11-Dec-2020 11:01:50.818 INFO [main] org.camunda.commons.logging.BaseLogger.logInfo ENGINE-07015 Detected @ProcessApplication class 'org.camunda.bpm.example.invoice.InvoiceProcessApplication'
11-Dec-2020 11:01:50.910 INFO [main] org.apache.jasper.servlet.TldScanner.scanJars At least one JAR was scanned for TLDs yet contained no TLDs. Enable debug logging for this logger for a complete list of JARs that were scanned but no TLDs were found in them. Skipping unneeded JARs during scanning can improve startup time and JSP compilation time.
11-Dec-2020 11:01:50.952 INFO [main] org.camunda.commons.logging.BaseLogger.logInfo ENGINE-08024 Found processes.xml file at file:/camunda/webapps/camunda-invoice/WEB-INF/classes/META-INF/processes.xml
11-Dec-2020 11:01:51.066 INFO [main] org.camunda.commons.logging.BaseLogger.logInfo ENGINE-08023 Deployment summary for process archive 'camunda-invoice': 

        invoiceBusinessDecisions.dmn
        invoice.v2.bpmn

11-Dec-2020 11:01:52.600 INFO [main] org.camunda.commons.logging.BaseLogger.logInfo ENGINE-07021 ProcessApplication 'camunda-invoice' registered for DB deployments [5219b70e-3a00-11eb-9458-0242ac180002, c4bed183-389e-11eb-a417-0242ac180002]. Will execute process definitions 

        ReviewInvoice[version: 1, id: ReviewInvoice:1:526a6f24-3a00-11eb-9458-0242ac180002]
        invoice[version: 1, id: invoice:1:52690f92-3a00-11eb-9458-0242ac180002]
Deployment does not provide any case definitions.
11-Dec-2020 11:01:52.645 INFO [main] org.camunda.commons.logging.BaseLogger.logInfo SPIN-01010 Discovered Spin data format provider: org.camunda.spin.impl.json.jackson.format.JacksonJsonDataFormatProvider[name = application/json]
11-Dec-2020 11:01:52.655 INFO [main] org.camunda.commons.logging.BaseLogger.logInfo SPIN-01010 Discovered Spin data format provider: org.camunda.spin.impl.xml.dom.format.DomXmlDataFormatProvider[name = application/xml]
11-Dec-2020 11:01:52.673 INFO [main] org.camunda.commons.logging.BaseLogger.logInfo SPIN-01009 Discovered Spin data format: org.camunda.spin.impl.xml.dom.format.DomXmlDataFormat[name = application/xml]
11-Dec-2020 11:01:52.677 INFO [main] org.camunda.commons.logging.BaseLogger.logInfo SPIN-01009 Discovered Spin data format: org.camunda.spin.impl.json.jackson.format.JacksonJsonDataFormat[name = application/json]
11-Dec-2020 11:01:52.935 INFO [main] org.camunda.bpm.example.invoice.InvoiceProcessApplication.startProcessInstances No new instances of Invoice Receipt version 1 started, there are 3 instances running
11-Dec-2020 11:01:52.962 INFO [main] org.camunda.bpm.example.invoice.InvoiceProcessApplication.startProcessInstances No new instances of Invoice Receipt version 1 started, there are 3 instances running
11-Dec-2020 11:01:52.965 INFO [main] org.camunda.commons.logging.BaseLogger.logInfo ENGINE-08050 Process application camunda-invoice successfully deployed
11-Dec-2020 11:01:52.990 INFO [main] org.apache.catalina.startup.HostConfig.deployDirectory Deployment of web application directory [/camunda/webapps/camunda-invoice] has finished in [18,184] ms
11-Dec-2020 11:01:52.996 INFO [main] org.apache.catalina.startup.HostConfig.deployDirectory Deploying web application directory [/camunda/webapps/camunda-welcome]
11-Dec-2020 11:02:12.353 INFO [main] org.apache.jasper.servlet.TldScanner.scanJars At least one JAR was scanned for TLDs yet contained no TLDs. Enable debug logging for this logger for a complete list of JARs that were scanned but no TLDs were found in them. Skipping unneeded JARs during scanning can improve startup time and JSP compilation time.
11-Dec-2020 11:02:12.362 INFO [main] org.apache.catalina.startup.HostConfig.deployDirectory Deployment of web application directory [/camunda/webapps/camunda-welcome] has finished in [19,368] ms
11-Dec-2020 11:02:12.365 INFO [main] org.apache.catalina.startup.HostConfig.deployDirectory Deploying web application directory [/camunda/webapps/docs]
11-Dec-2020 11:02:31.286 INFO [main] org.apache.jasper.servlet.TldScanner.scanJars At least one JAR was scanned for TLDs yet contained no TLDs. Enable debug logging for this logger for a complete list of JARs that were scanned but no TLDs were found in them. Skipping unneeded JARs during scanning can improve startup time and JSP compilation time.
11-Dec-2020 11:02:31.297 INFO [main] org.apache.catalina.startup.HostConfig.deployDirectory Deployment of web application directory [/camunda/webapps/docs] has finished in [18,932] ms
11-Dec-2020 11:02:31.301 INFO [main] org.apache.catalina.startup.HostConfig.deployDirectory Deploying web application directory [/camunda/webapps/engine-rest]
11-Dec-2020 11:02:50.006 INFO [main] org.apache.jasper.servlet.TldScanner.scanJars At least one JAR was scanned for TLDs yet contained no TLDs. Enable debug logging for this logger for a complete list of JARs that were scanned but no TLDs were found in them. Skipping unneeded JARs during scanning can improve startup time and JSP compilation time.
11-Dec-2020 11:02:51.407 INFO [main] org.apache.catalina.startup.HostConfig.deployDirectory Deployment of web application directory [/camunda/webapps/engine-rest] has finished in [20,105] ms
11-Dec-2020 11:02:51.409 INFO [main] org.apache.catalina.startup.HostConfig.deployDirectory Deploying web application directory [/camunda/webapps/examples]
11-Dec-2020 11:03:11.895 INFO [main] org.apache.jasper.servlet.TldScanner.scanJars At least one JAR was scanned for TLDs yet contained no TLDs. Enable debug logging for this logger for a complete list of JARs that were scanned but no TLDs were found in them. Skipping unneeded JARs during scanning can improve startup time and JSP compilation time.
11-Dec-2020 11:03:12.093 INFO [main] org.apache.catalina.startup.HostConfig.deployDirectory Deployment of web application directory [/camunda/webapps/examples] has finished in [20,684] ms
11-Dec-2020 11:03:12.096 INFO [main] org.apache.catalina.startup.HostConfig.deployDirectory Deploying web application directory [/camunda/webapps/h2]
11-Dec-2020 11:03:29.252 INFO [main] org.apache.jasper.servlet.TldScanner.scanJars At least one JAR was scanned for TLDs yet contained no TLDs. Enable debug logging for this logger for a complete list of JARs that were scanned but no TLDs were found in them. Skipping unneeded JARs during scanning can improve startup time and JSP compilation time.
11-Dec-2020 11:03:29.274 INFO [main] org.apache.catalina.startup.HostConfig.deployDirectory Deployment of web application directory [/camunda/webapps/h2] has finished in [17,177] ms
11-Dec-2020 11:03:29.277 INFO [main] org.apache.catalina.startup.HostConfig.deployDirectory Deploying web application directory [/camunda/webapps/host-manager]
11-Dec-2020 11:03:48.405 INFO [main] org.apache.jasper.servlet.TldScanner.scanJars At least one JAR was scanned for TLDs yet contained no TLDs. Enable debug logging for this logger for a complete list of JARs that were scanned but no TLDs were found in them. Skipping unneeded JARs during scanning can improve startup time and JSP compilation time.
11-Dec-2020 11:03:48.419 INFO [main] org.apache.catalina.startup.HostConfig.deployDirectory Deployment of web application directory [/camunda/webapps/host-manager] has finished in [19,142] ms
11-Dec-2020 11:03:48.423 INFO [main] org.apache.catalina.startup.HostConfig.deployDirectory Deploying web application directory [/camunda/webapps/manager]
11-Dec-2020 11:04:07.909 INFO [main] org.apache.jasper.servlet.TldScanner.scanJars At least one JAR was scanned for TLDs yet contained no TLDs. Enable debug logging for this logger for a complete list of JARs that were scanned but no TLDs were found in them. Skipping unneeded JARs during scanning can improve startup time and JSP compilation time.
11-Dec-2020 11:04:07.922 INFO [main] org.apache.catalina.startup.HostConfig.deployDirectory Deployment of web application directory [/camunda/webapps/manager] has finished in [19,499] ms
11-Dec-2020 11:04:07.938 INFO [main] org.apache.coyote.AbstractProtocol.start Starting ProtocolHandler ["http-nio-8080"]
11-Dec-2020 11:04:07.973 INFO [main] org.apache.catalina.startup.Catalina.start Server startup in [217,332] milliseconds
